Using pre-set license
Built from '2021.3/staging' branch; Version is '2021.3.9f1 (ad3870b89536) revision 11352176'; Using compiler version '192829333'; Build Type 'Release'
OS: 'Windows 11  (10.0.22000) 64bit Professional' Language: 'en' Physical Memory: 32472 MB
BatchMode: 1, IsHumanControllingUs: 0, StartBugReporterOnCrash: 0, Is64bit: 1, IsPro: 1

COMMAND LINE ARGUMENTS:
C:\Program Files\Unity\Hub\Editor\2021.3.9f1\Editor\Unity.exe
-adb2
-batchMode
-noUpm
-name
AssetImportWorker3
-projectPath
C:/Users/Andreas/Documents/GitHub/Spaceshooter
-logFile
Logs/AssetImportWorker3.log
-srvPort
64410
Successfully changed project path to: C:/Users/Andreas/Documents/GitHub/Spaceshooter
C:/Users/Andreas/Documents/GitHub/Spaceshooter
[UnityMemory] Configuration Parameters - Can be set up in boot.config
    "memorysetup-bucket-allocator-granularity=16"
    "memorysetup-bucket-allocator-bucket-count=8"
    "memorysetup-bucket-allocator-block-size=33554432"
    "memorysetup-bucket-allocator-block-count=8"
    "memorysetup-main-allocator-block-size=16777216"
    "memorysetup-thread-allocator-block-size=16777216"
    "memorysetup-gfx-main-allocator-block-size=16777216"
    "memorysetup-gfx-thread-allocator-block-size=16777216"
    "memorysetup-cache-allocator-block-size=4194304"
    "memorysetup-typetree-allocator-block-size=2097152"
    "memorysetup-profiler-bucket-allocator-granularity=16"
    "memorysetup-profiler-bucket-allocator-bucket-count=8"
    "memorysetup-profiler-bucket-allocator-block-size=33554432"
    "memorysetup-profiler-bucket-allocator-block-count=8"
    "memorysetup-profiler-allocator-block-size=16777216"
    "memorysetup-profiler-editor-allocator-block-size=1048576"
    "memorysetup-temp-allocator-size-main=16777216"
    "memorysetup-job-temp-allocator-block-size=2097152"
    "memorysetup-job-temp-allocator-block-size-background=1048576"
    "memorysetup-job-temp-allocator-reduction-small-platforms=262144"
    "memorysetup-temp-allocator-size-background-worker=32768"
    "memorysetup-temp-allocator-size-job-worker=262144"
    "memorysetup-temp-allocator-size-preload-manager=33554432"
    "memorysetup-temp-allocator-size-nav-mesh-worker=65536"
    "memorysetup-temp-allocator-size-audio-worker=65536"
    "memorysetup-temp-allocator-size-cloud-worker=32768"
    "memorysetup-temp-allocator-size-gi-baking-worker=262144"
    "memorysetup-temp-allocator-size-gfx=262144"
Refreshing native plugins compatible for Editor in 64.89 ms, found 4 plugins.
Preloading 0 native plugins for Editor in 0.00 ms.
Initialize engine version: 2021.3.9f1 (ad3870b89536)
[Subsystems] Discovering subsystems at path C:/Program Files/Unity/Hub/Editor/2021.3.9f1/Editor/Data/Resources/UnitySubsystems
[Subsystems] Discovering subsystems at path C:/Users/Andreas/Documents/GitHub/Spaceshooter/Assets
GfxDevice: creating device client; threaded=0; jobified=0
Direct3D:
    Version:  Direct3D 11.0 [level 11.1]
    Renderer: NVIDIA GeForce RTX 3060 Laptop GPU (ID=0x2520)
    Vendor:   NVIDIA
    VRAM:     6023 MB
    Driver:   30.0.15.1181
Initialize mono
Mono path[0] = 'C:/Program Files/Unity/Hub/Editor/2021.3.9f1/Editor/Data/Managed'
Mono path[1] = 'C:/Program Files/Unity/Hub/Editor/2021.3.9f1/Editor/Data/MonoBleedingEdge/lib/mono/unityjit-win32'
Mono config path = 'C:/Program Files/Unity/Hub/Editor/2021.3.9f1/Editor/Data/MonoBleedingEdge/etc'
Using monoOptions --debugger-agent=transport=dt_socket,embedding=1,server=y,suspend=n,address=127.0.0.1:56732
Begin MonoManager ReloadAssembly
Registering precompiled unity dll's ...
Register platform support module: C:/Program Files/Unity/Hub/Editor/2021.3.9f1/Editor/Data/PlaybackEngines/WebGLSupport/UnityEditor.WebGL.Extensions.dll
Register platform support module: C:/Program Files/Unity/Hub/Editor/2021.3.9f1/Editor/Data/PlaybackEngines/WindowsStandaloneSupport/UnityEditor.WindowsStandalone.Extensions.dll
Registered in 0.003593 seconds.
Native extension for WindowsStandalone target not found
Native extension for WebGL target not found
Refreshing native plugins compatible for Editor in 57.99 ms, found 4 plugins.
Preloading 0 native plugins for Editor in 0.00 ms.
Mono: successfully reloaded assembly
- Completed reload, in  0.410 seconds
Domain Reload Profiling:
	ReloadAssembly (410ms)
		BeginReloadAssembly (46ms)
			ExecutionOrderSort (0ms)
			DisableScriptedObjects (0ms)
			BackupInstance (0ms)
			ReleaseScriptingObjects (0ms)
			CreateAndSetChildDomain (1ms)
		EndReloadAssembly (294ms)
			LoadAssemblies (45ms)
			RebuildTransferFunctionScriptingTraits (0ms)
			SetupTypeCache (66ms)
			ReleaseScriptCaches (0ms)
			RebuildScriptCaches (18ms)
			SetupLoadedEditorAssemblies (178ms)
				LogAssemblyErrors (0ms)
				InitializePlatformSupportModulesInManaged (6ms)
				SetLoadedEditorAssemblies (0ms)
				RefreshPlugins (58ms)
				BeforeProcessingInitializeOnLoad (1ms)
				ProcessInitializeOnLoadAttributes (85ms)
				ProcessInitializeOnLoadMethodAttributes (27ms)
				AfterProcessingInitializeOnLoad (0ms)
				EditorAssembliesLoaded (0ms)
			ExecutionOrderSort2 (0ms)
			AwakeInstancesAfterBackupRestoration (0ms)
Platform modules already initialized, skipping
Registering precompiled user dll's ...
Registered in 0.005155 seconds.
Begin MonoManager ReloadAssembly
Native extension for WindowsStandalone target not found
Native extension for WebGL target not found
Refreshing native plugins compatible for Editor in 52.92 ms, found 4 plugins.
Preloading 0 native plugins for Editor in 0.00 ms.
System.Exception: Error! Visual Scripting: couldn't find visual scripting package
  at Unity.VisualScripting.PackageVersionUtility.get_version () [0x00043] in C:\Users\Andreas\Documents\GitHub\Spaceshooter\Library\PackageCache\com.unity.visualscripting@1.7.8\Editor\VisualScripting.Core\Utilities\PackageVersionUtility.cs:31 
  at Unity.VisualScripting.BoltCoreManifest.get_version () [0x00000] in C:\Users\Andreas\Documents\GitHub\Spaceshooter\Library\PackageCache\com.unity.visualscripting@1.7.8\Editor\VisualScripting.Core\Plugin\BoltCoreManifest.cs:11 
  at Unity.VisualScripting.PluginManifest.get_currentVersion () [0x00000] in C:\Users\Andreas\Documents\GitHub\Spaceshooter\Library\PackageCache\com.unity.visualscripting@1.7.8\Editor\VisualScripting.Core\Plugins\PluginManifest.cs:33 
  at Unity.VisualScripting.PluginManifest.get_versionMismatch () [0x00000] in C:\Users\Andreas\Documents\GitHub\Spaceshooter\Library\PackageCache\com.unity.visualscripting@1.7.8\Editor\VisualScripting.Core\Plugins\PluginManifest.cs:48 
  at Unity.VisualScripting.PluginContainer.Initialize () [0x00525] in C:\Users\Andreas\Documents\GitHub\Spaceshooter\Library\PackageCache\com.unity.visualscripting@1.7.8\Editor\VisualScripting.Core\Plugins\PluginContainer.cs:208 
  at Unity.VisualScripting.PluginContainer.InitializeOnLoad () [0x00009] in C:\Users\Andreas\Documents\GitHub\Spaceshooter\Library\PackageCache\com.unity.visualscripting@1.7.8\Editor\VisualScripting.Core\Plugins\PluginContainer.cs:32 
  at Unity.VisualScripting.VSUsageUtility.DoInitializeOnLoadCalls () [0x00034] in C:\Users\Andreas\Documents\GitHub\Spaceshooter\Library\PackageCache\com.unity.visualscripting@1.7.8\Editor\VisualScripting.Core\Utilities\VSUsageUtility.cs:76 
  at Unity.VisualScripting.VSUsageUtility.set_isVisualScriptingUsed (System.Boolean value) [0x0002c] in C:\Users\Andreas\Documents\GitHub\Spaceshooter\Library\PackageCache\com.unity.visualscripting@1.7.8\Editor\VisualScripting.Core\Utilities\VSUsageUtility.cs:114 
  at Unity.VisualScripting.VSUsageUtility.CheckAndSetIsVisualScriptingUsed () [0x00032] in C:\Users\Andreas\Documents\GitHub\Spaceshooter\Library\PackageCache\com.unity.visualscripting@1.7.8\Editor\VisualScripting.Core\Utilities\VSUsageUtility.cs:48 
  at Unity.VisualScripting.VSUsageUtility..cctor () [0x00000] in C:\Users\Andreas\Documents\GitHub\Spaceshooter\Library\PackageCache\com.unity.visualscripting@1.7.8\Editor\VisualScripting.Core\Utilities\VSUsageUtility.cs:22 
UnityEngine.StackTraceUtility:ExtractStackTrace ()
UnityEngine.DebugLogHandler:LogFormat (UnityEngine.LogType,UnityEngine.Object,string,object[])
UnityEngine.Logger:Log (UnityEngine.LogType,object)
UnityEngine.Debug:LogError (object)
UnityEditor.EditorAssemblies:ProcessInitializeOnLoadAttributes (System.Type[])

Mono: successfully reloaded assembly
- Completed reload, in  0.939 seconds
Domain Reload Profiling:
	ReloadAssembly (940ms)
		BeginReloadAssembly (76ms)
			ExecutionOrderSort (0ms)
			DisableScriptedObjects (3ms)
			BackupInstance (0ms)
			ReleaseScriptingObjects (0ms)
			CreateAndSetChildDomain (16ms)
		EndReloadAssembly (789ms)
			LoadAssemblies (63ms)
			RebuildTransferFunctionScriptingTraits (0ms)
			SetupTypeCache (145ms)
			ReleaseScriptCaches (0ms)
			RebuildScriptCaches (35ms)
			SetupLoadedEditorAssemblies (520ms)
				LogAssemblyErrors (0ms)
				InitializePlatformSupportModulesInManaged (3ms)
				SetLoadedEditorAssemblies (0ms)
				RefreshPlugins (53ms)
				BeforeProcessingInitializeOnLoad (54ms)
				ProcessInitializeOnLoadAttributes (381ms)
				ProcessInitializeOnLoadMethodAttributes (25ms)
				AfterProcessingInitializeOnLoad (3ms)
				EditorAssembliesLoaded (0ms)
			ExecutionOrderSort2 (0ms)
			AwakeInstancesAfterBackupRestoration (4ms)
Platform modules already initialized, skipping
========================================================================
Worker process is ready to serve import requests
Launched and connected shader compiler UnityShaderCompiler.exe after 0.03 seconds
Refreshing native plugins compatible for Editor in 0.57 ms, found 4 plugins.
Preloading 0 native plugins for Editor in 0.00 ms.
Unloading 4069 Unused Serialized files (Serialized files now loaded: 0)
Unloading 44 unused Assets / (223.4 KB). Loaded Objects now: 4521.
Memory consumption went from 151.6 MB to 151.4 MB.
Total: 9.137700 ms (FindLiveObjects: 0.218600 ms CreateObjectMapping: 0.108400 ms MarkObjects: 8.688700 ms  DeleteObjects: 0.121300 ms)

AssetImportParameters requested are different than current active one (requested -> active):
  custom:video-decoder-ogg-theora: a1e56fd34408186e4bbccfd4996cb3dc -> 
  custom:container-muxer-webm: aa71ff27fc2769a1b78a27578f13a17b -> 
  custom:container-demuxer-webm: 4f35f7cbe854078d1ac9338744f61a02 -> 
  custom:video-encoder-webm-vp8: eb34c28f22e8b96e1ab97ce403110664 -> 
  custom:audio-encoder-webm-vorbis: bf7c407c2cedff20999df2af8eb42d56 -> 
  custom:framework-win-MediaFoundation: 216162199b28c13a410421893ffa2e32 -> 
  custom:container-demuxer-ogg: 62fdf1f143b41e24485cea50d1cbac27 -> 
  custom:video-decoder-webm-vp8: 9c59270c3fd7afecdb556c50c9e8de78 -> 
  custom:audio-decoder-ogg-vorbis: bf7c407c2cedff20999df2af8eb42d56 -> 
========================================================================
Received Import Request.
  Time since last request: 928.467966 seconds.
  path: Assets/Textures/PNG/Enemies/enemyBlack2.png
  artifactKey: Guid(49212c769a8b75342800285e3dbd4f35) Importer(815301076,1909f56bfc062723c751e8b465ee728b)
Start importing Assets/Textures/PNG/Enemies/enemyBlack2.png using Guid(49212c769a8b75342800285e3dbd4f35) Importer(815301076,1909f56bfc062723c751e8b465ee728b)  -> (artifact id: '0c3462fe0ada2953736fab50b8da28b6') in 0.094076 seconds 
========================================================================
Received Import Request.
  Time since last request: 0.000022 seconds.
  path: Assets/Textures/PNG/Enemies/enemyBlue2.png
  artifactKey: Guid(52ccf4d2bd0745746a0d9951ab6aa7fc) Importer(815301076,1909f56bfc062723c751e8b465ee728b)
Start importing Assets/Textures/PNG/Enemies/enemyBlue2.png using Guid(52ccf4d2bd0745746a0d9951ab6aa7fc) Importer(815301076,1909f56bfc062723c751e8b465ee728b)  -> (artifact id: '78884c3a022469e83e12c9001fae350e') in 0.022075 seconds 
========================================================================
Received Import Request.
  Time since last request: 0.000023 seconds.
  path: Assets/Textures/PNG/Enemies/enemyBlue4.png
  artifactKey: Guid(d86d16d36df845e42974198b02e068b6) Importer(815301076,1909f56bfc062723c751e8b465ee728b)
Start importing Assets/Textures/PNG/Enemies/enemyBlue4.png using Guid(d86d16d36df845e42974198b02e068b6) Importer(815301076,1909f56bfc062723c751e8b465ee728b)  -> (artifact id: '89c158549a1c169bb4a985240d4b13c8') in 0.027982 seconds 
========================================================================
Received Import Request.
  Time since last request: 0.000020 seconds.
  path: Assets/Textures/PNG/Enemies/enemyRed4.png
  artifactKey: Guid(f07e7b90421b2964fb096c165d730530) Importer(815301076,1909f56bfc062723c751e8b465ee728b)
Start importing Assets/Textures/PNG/Enemies/enemyRed4.png using Guid(f07e7b90421b2964fb096c165d730530) Importer(815301076,1909f56bfc062723c751e8b465ee728b)  -> (artifact id: '87e1faa28d96480bddacadb27c74a523') in 0.021580 seconds 
========================================================================
Received Import Request.
  Time since last request: 0.000023 seconds.
  path: Assets/Textures/PNG/Enemies/enemyRed1.png
  artifactKey: Guid(0dff1e6074a21a94bb1aa00445e89132) Importer(815301076,1909f56bfc062723c751e8b465ee728b)
Start importing Assets/Textures/PNG/Enemies/enemyRed1.png using Guid(0dff1e6074a21a94bb1aa00445e89132) Importer(815301076,1909f56bfc062723c751e8b465ee728b)  -> (artifact id: '915d88124069221cb96c15fa6835bc7a') in 0.024962 seconds 
========================================================================
Received Import Request.
  Time since last request: 0.000031 seconds.
  path: Assets/Textures/PNG/Enemies/enemyGreen3.png
  artifactKey: Guid(cec7259fd86065f4a9386286e2e0c865) Importer(815301076,1909f56bfc062723c751e8b465ee728b)
Start importing Assets/Textures/PNG/Enemies/enemyGreen3.png using Guid(cec7259fd86065f4a9386286e2e0c865) Importer(815301076,1909f56bfc062723c751e8b465ee728b)  -> (artifact id: 'b827e1dd7adb452ba2bbe2523efac655') in 0.020058 seconds 
========================================================================
Received Import Request.
  Time since last request: 0.000018 seconds.
  path: Assets/Textures/PNG/Enemies/enemyBlack5.png
  artifactKey: Guid(b5f3178e11ed4834391775e90472f1d1) Importer(815301076,1909f56bfc062723c751e8b465ee728b)
Start importing Assets/Textures/PNG/Enemies/enemyBlack5.png using Guid(b5f3178e11ed4834391775e90472f1d1) Importer(815301076,1909f56bfc062723c751e8b465ee728b)  -> (artifact id: '3f53948497e6f5afaf6ed913205f5e87') in 0.022426 seconds 
========================================================================
Received Import Request.
  Time since last request: 0.000017 seconds.
  path: Assets/Textures/PNG/Enemies/enemyBlack4.png
  artifactKey: Guid(0f28b69e26d3c734b803f2d0864f4e2e) Importer(815301076,1909f56bfc062723c751e8b465ee728b)
Start importing Assets/Textures/PNG/Enemies/enemyBlack4.png using Guid(0f28b69e26d3c734b803f2d0864f4e2e) Importer(815301076,1909f56bfc062723c751e8b465ee728b)  -> (artifact id: 'ee1bf5d806e560b2e6b639caf0e8186d') in 0.014511 seconds 
========================================================================
Received Import Request.
  Time since last request: 0.000022 seconds.
  path: Assets/Textures/PNG/Enemies/enemyRed3.png
  artifactKey: Guid(150a3bfb5a40a584695f19a38d3f44f3) Importer(815301076,1909f56bfc062723c751e8b465ee728b)
Start importing Assets/Textures/PNG/Enemies/enemyRed3.png using Guid(150a3bfb5a40a584695f19a38d3f44f3) Importer(815301076,1909f56bfc062723c751e8b465ee728b)  -> (artifact id: '2de5594da61afc4e4c1041ac01a56147') in 0.018185 seconds 
========================================================================
Received Import Request.
  Time since last request: 1.323623 seconds.
  path: Assets/Textures/PNG/Effects/fire01.png
  artifactKey: Guid(842ab61c55066184db830cf41c7f460b) Importer(815301076,1909f56bfc062723c751e8b465ee728b)
Start importing Assets/Textures/PNG/Effects/fire01.png using Guid(842ab61c55066184db830cf41c7f460b) Importer(815301076,1909f56bfc062723c751e8b465ee728b)  -> (artifact id: '736732aaa4d8a1455acad0d899f4e156') in 0.017595 seconds 
========================================================================
Received Import Request.
  Time since last request: 0.000021 seconds.
  path: Assets/Textures/PNG/Effects/fire13.png
  artifactKey: Guid(fafae261877f6904f88b23695bb6fdef) Importer(815301076,1909f56bfc062723c751e8b465ee728b)
Start importing Assets/Textures/PNG/Effects/fire13.png using Guid(fafae261877f6904f88b23695bb6fdef) Importer(815301076,1909f56bfc062723c751e8b465ee728b)  -> (artifact id: 'deac46a995fcc13c32430cffaf964f30') in 0.023556 seconds 
========================================================================
Received Import Request.
  Time since last request: 0.000106 seconds.
  path: Assets/Textures/PNG/Effects/star2.png
  artifactKey: Guid(58e81a8daf534df4aa8899e55f9aa21a) Importer(815301076,1909f56bfc062723c751e8b465ee728b)
Start importing Assets/Textures/PNG/Effects/star2.png using Guid(58e81a8daf534df4aa8899e55f9aa21a) Importer(815301076,1909f56bfc062723c751e8b465ee728b)  -> (artifact id: '8e20ee8ec4a9f13847b04ee40192f740') in 0.018973 seconds 
========================================================================
Received Import Request.
  Time since last request: 0.000046 seconds.
  path: Assets/Textures/PNG/Effects/shield1.png
  artifactKey: Guid(877d5798520ac2c49a4b406a0c1012a6) Importer(815301076,1909f56bfc062723c751e8b465ee728b)
Start importing Assets/Textures/PNG/Effects/shield1.png using Guid(877d5798520ac2c49a4b406a0c1012a6) Importer(815301076,1909f56bfc062723c751e8b465ee728b)  -> (artifact id: '88908056bd471a4c378c0a4de6f29605') in 0.021405 seconds 
========================================================================
Received Import Request.
  Time since last request: 0.000025 seconds.
  path: Assets/Textures/PNG/Effects/shield3.png
  artifactKey: Guid(b92820ef9e8264d488bb7f47f88a0f48) Importer(815301076,1909f56bfc062723c751e8b465ee728b)
Start importing Assets/Textures/PNG/Effects/shield3.png using Guid(b92820ef9e8264d488bb7f47f88a0f48) Importer(815301076,1909f56bfc062723c751e8b465ee728b)  -> (artifact id: '3e19ebed209853cb04c695d102082896') in 0.018596 seconds 
========================================================================
Received Import Request.
  Time since last request: 0.000021 seconds.
  path: Assets/Textures/PNG/Effects/fire07.png
  artifactKey: Guid(535eba696ed308641ba3c9065ddfc261) Importer(815301076,1909f56bfc062723c751e8b465ee728b)
Start importing Assets/Textures/PNG/Effects/fire07.png using Guid(535eba696ed308641ba3c9065ddfc261) Importer(815301076,1909f56bfc062723c751e8b465ee728b)  -> (artifact id: 'c9f32bd3ac6d50cb547f5ee9107eb0b0') in 0.017595 seconds 
========================================================================
Received Import Request.
  Time since last request: 0.000029 seconds.
  path: Assets/Textures/PNG/Effects/fire11.png
  artifactKey: Guid(815278657976e4f469fc4d87711060c7) Importer(815301076,1909f56bfc062723c751e8b465ee728b)
Start importing Assets/Textures/PNG/Effects/fire11.png using Guid(815278657976e4f469fc4d87711060c7) Importer(815301076,1909f56bfc062723c751e8b465ee728b)  -> (artifact id: '39d58d7f84342960eae1e5e470b6ce0b') in 0.016945 seconds 
========================================================================
Received Import Request.
  Time since last request: 0.000025 seconds.
  path: Assets/Textures/PNG/Effects/fire16.png
  artifactKey: Guid(61125c6f4b7407b4bb58de6f4a9cf525) Importer(815301076,1909f56bfc062723c751e8b465ee728b)
Start importing Assets/Textures/PNG/Effects/fire16.png using Guid(61125c6f4b7407b4bb58de6f4a9cf525) Importer(815301076,1909f56bfc062723c751e8b465ee728b)  -> (artifact id: '1b2159b82827b0128e736806fb2a8d08') in 0.015632 seconds 
========================================================================
Received Import Request.
  Time since last request: 0.000022 seconds.
  path: Assets/Textures/PNG/Effects/fire17.png
  artifactKey: Guid(4bbd07667e7608f4594e2d112b5e104f) Importer(815301076,1909f56bfc062723c751e8b465ee728b)
Start importing Assets/Textures/PNG/Effects/fire17.png using Guid(4bbd07667e7608f4594e2d112b5e104f) Importer(815301076,1909f56bfc062723c751e8b465ee728b)  -> (artifact id: '53bc95ce5a15eae709ed11d5c30c3107') in 0.015615 seconds 
========================================================================
Received Import Request.
  Time since last request: 0.000023 seconds.
  path: Assets/Textures/PNG/Effects/star3.png
  artifactKey: Guid(baa3452b3e518b34d9cc3b4659aff3f9) Importer(815301076,1909f56bfc062723c751e8b465ee728b)
Start importing Assets/Textures/PNG/Effects/star3.png using Guid(baa3452b3e518b34d9cc3b4659aff3f9) Importer(815301076,1909f56bfc062723c751e8b465ee728b)  -> (artifact id: 'bd28bb9a153119839da8998853a205f7') in 0.016129 seconds 
========================================================================
Received Import Request.
  Time since last request: 0.000025 seconds.
  path: Assets/Textures/PNG/Effects/speed.png
  artifactKey: Guid(0adcb5548663d6146aa11e19c5e129ff) Importer(815301076,1909f56bfc062723c751e8b465ee728b)
Start importing Assets/Textures/PNG/Effects/speed.png using Guid(0adcb5548663d6146aa11e19c5e129ff) Importer(815301076,1909f56bfc062723c751e8b465ee728b)  -> (artifact id: '4c3f83eb13a9456770ee97e997b9d020') in 0.016936 seconds 
========================================================================
Received Import Request.
  Time since last request: 0.000043 seconds.
  path: Assets/Textures/PNG/Effects/fire03.png
  artifactKey: Guid(3830a9c8e9e77df43b60234f6ecc4fa5) Importer(815301076,1909f56bfc062723c751e8b465ee728b)
Start importing Assets/Textures/PNG/Effects/fire03.png using Guid(3830a9c8e9e77df43b60234f6ecc4fa5) Importer(815301076,1909f56bfc062723c751e8b465ee728b)  -> (artifact id: '129b63f5273e8d3667cb2286f82fbe62') in 0.015439 seconds 
========================================================================
Received Import Request.
  Time since last request: 0.000037 seconds.
  path: Assets/Textures/PNG/Effects/fire09.png
  artifactKey: Guid(03a460572d8b85945a1aed9e37fb1b22) Importer(815301076,1909f56bfc062723c751e8b465ee728b)
Start importing Assets/Textures/PNG/Effects/fire09.png using Guid(03a460572d8b85945a1aed9e37fb1b22) Importer(815301076,1909f56bfc062723c751e8b465ee728b)  -> (artifact id: '279b994bea64a34ec7aa4f2732eae8cf') in 0.016709 seconds 
========================================================================
Received Import Request.
  Time since last request: 2.415454 seconds.
  path: Assets/Textures/PNG/Damage/playerShip1_damage3.png
  artifactKey: Guid(a3957e598d0f01e4793190b80c4e02d2) Importer(815301076,1909f56bfc062723c751e8b465ee728b)
Start importing Assets/Textures/PNG/Damage/playerShip1_damage3.png using Guid(a3957e598d0f01e4793190b80c4e02d2) Importer(815301076,1909f56bfc062723c751e8b465ee728b)  -> (artifact id: 'a44110f0cbc4e2ac099c2d0420353a9f') in 0.020806 seconds 
========================================================================
Received Import Request.
  Time since last request: 0.000023 seconds.
  path: Assets/Textures/PNG/Damage/playerShip3_damage2.png
  artifactKey: Guid(2649b2b58afc376469ccd484bebdec7b) Importer(815301076,1909f56bfc062723c751e8b465ee728b)
Start importing Assets/Textures/PNG/Damage/playerShip3_damage2.png using Guid(2649b2b58afc376469ccd484bebdec7b) Importer(815301076,1909f56bfc062723c751e8b465ee728b)  -> (artifact id: 'e5b32e508212cd045dc7e94970a13e9f') in 0.024814 seconds 
========================================================================
Received Import Request.
  Time since last request: 0.000019 seconds.
  path: Assets/Textures/PNG/Damage/playerShip3_damage1.png
  artifactKey: Guid(d9a03983218a206459c45731f5323099) Importer(815301076,1909f56bfc062723c751e8b465ee728b)
Start importing Assets/Textures/PNG/Damage/playerShip3_damage1.png using Guid(d9a03983218a206459c45731f5323099) Importer(815301076,1909f56bfc062723c751e8b465ee728b)  -> (artifact id: '12b6536623f9f2548701a3f24f0686ad') in 0.031840 seconds 
========================================================================
Received Import Request.
  Time since last request: 0.000024 seconds.
  path: Assets/Textures/PNG/Damage/playerShip3_damage3.png
  artifactKey: Guid(c5b48b4ee7743c4488f5265f16078893) Importer(815301076,1909f56bfc062723c751e8b465ee728b)
Start importing Assets/Textures/PNG/Damage/playerShip3_damage3.png using Guid(c5b48b4ee7743c4488f5265f16078893) Importer(815301076,1909f56bfc062723c751e8b465ee728b)  -> (artifact id: '841ea4946fee40215c737ed9ebd48611') in 0.020485 seconds 
========================================================================
Received Import Request.
  Time since last request: 4.716255 seconds.
  path: Assets/Textures/PNG/Lasers/laserBlue03.png
  artifactKey: Guid(fe4402dfbb3aeb344973ca4b85df00de) Importer(815301076,1909f56bfc062723c751e8b465ee728b)
Start importing Assets/Textures/PNG/Lasers/laserBlue03.png using Guid(fe4402dfbb3aeb344973ca4b85df00de) Importer(815301076,1909f56bfc062723c751e8b465ee728b)  -> (artifact id: 'd2bcd8221f2b246ec2250134dde6fe0b') in 0.029087 seconds 
========================================================================
Received Import Request.
  Time since last request: 0.000032 seconds.
  path: Assets/Textures/PNG/Lasers/laserGreen02.png
  artifactKey: Guid(30975177526c2c646a8e85e5d8628c6d) Importer(815301076,1909f56bfc062723c751e8b465ee728b)
Start importing Assets/Textures/PNG/Lasers/laserGreen02.png using Guid(30975177526c2c646a8e85e5d8628c6d) Importer(815301076,1909f56bfc062723c751e8b465ee728b)  -> (artifact id: '32d1f762f2ea3488759f9fe249125c50') in 0.038225 seconds 
========================================================================
Received Import Request.
  Time since last request: 0.000028 seconds.
  path: Assets/Textures/PNG/Lasers/laserBlue07.png
  artifactKey: Guid(b18a742ec326c114d8bc3ea1b1fa209d) Importer(815301076,1909f56bfc062723c751e8b465ee728b)
Start importing Assets/Textures/PNG/Lasers/laserBlue07.png using Guid(b18a742ec326c114d8bc3ea1b1fa209d) Importer(815301076,1909f56bfc062723c751e8b465ee728b)  -> (artifact id: 'd984fd0048d01682fedd63eab9308573') in 0.018347 seconds 
========================================================================
Received Import Request.
  Time since last request: 0.000022 seconds.
  path: Assets/Textures/PNG/Lasers/laserGreen03.png
  artifactKey: Guid(ba57cf796b275a842ade61e638fdf7b6) Importer(815301076,1909f56bfc062723c751e8b465ee728b)
Start importing Assets/Textures/PNG/Lasers/laserGreen03.png using Guid(ba57cf796b275a842ade61e638fdf7b6) Importer(815301076,1909f56bfc062723c751e8b465ee728b)  -> (artifact id: 'cbc93ed0e6d5081d918d33f8cdb8af64') in 0.033070 seconds 
========================================================================
Received Import Request.
  Time since last request: 0.000018 seconds.
  path: Assets/Textures/PNG/Lasers/laserRed01.png
  artifactKey: Guid(d35719397ba96da48ab07c94cd295706) Importer(815301076,1909f56bfc062723c751e8b465ee728b)
Start importing Assets/Textures/PNG/Lasers/laserRed01.png using Guid(d35719397ba96da48ab07c94cd295706) Importer(815301076,1909f56bfc062723c751e8b465ee728b)  -> (artifact id: '98fdf39182e636e0415428eef013880e') in 0.016211 seconds 
========================================================================
Received Import Request.
  Time since last request: 0.000022 seconds.
  path: Assets/Textures/PNG/Lasers/laserGreen15.png
  artifactKey: Guid(ef898e77878a4204eb2ec9f9ec8eb32f) Importer(815301076,1909f56bfc062723c751e8b465ee728b)
Start importing Assets/Textures/PNG/Lasers/laserGreen15.png using Guid(ef898e77878a4204eb2ec9f9ec8eb32f) Importer(815301076,1909f56bfc062723c751e8b465ee728b)  -> (artifact id: '8914ed071a21c06476df0002561a068b') in 0.016121 seconds 
========================================================================
Received Import Request.
  Time since last request: 0.000018 seconds.
  path: Assets/Textures/PNG/Lasers/laserBlue12.png
  artifactKey: Guid(a505b2ad96e1f644790bb109b7ac0f6c) Importer(815301076,1909f56bfc062723c751e8b465ee728b)
Start importing Assets/Textures/PNG/Lasers/laserBlue12.png using Guid(a505b2ad96e1f644790bb109b7ac0f6c) Importer(815301076,1909f56bfc062723c751e8b465ee728b)  -> (artifact id: '14b5a743abd963499251094f6df2fac6') in 0.014164 seconds 
========================================================================
Received Import Request.
  Time since last request: 0.000026 seconds.
  path: Assets/Textures/PNG/Lasers/laserGreen10.png
  artifactKey: Guid(cab0c22e6e0ed634a847e098aed3a9e4) Importer(815301076,1909f56bfc062723c751e8b465ee728b)
Start importing Assets/Textures/PNG/Lasers/laserGreen10.png using Guid(cab0c22e6e0ed634a847e098aed3a9e4) Importer(815301076,1909f56bfc062723c751e8b465ee728b)  -> (artifact id: 'cf03b000871f524ccdf7259a32ec9e30') in 0.016148 seconds 
========================================================================
Received Import Request.
  Time since last request: 23.397914 seconds.
  path: Assets/Textures/PNG/UI/buttonRed.png
  artifactKey: Guid(b84f02faefcc80342956d55edacf016a) Importer(815301076,1909f56bfc062723c751e8b465ee728b)
Start importing Assets/Textures/PNG/UI/buttonRed.png using Guid(b84f02faefcc80342956d55edacf016a) Importer(815301076,1909f56bfc062723c751e8b465ee728b)  -> (artifact id: '7d9ea99824c250a279393852f5a5d63f') in 0.025610 seconds 
========================================================================
Received Import Request.
  Time since last request: 0.000021 seconds.
  path: Assets/Textures/PNG/UI/playerLife1_green.png
  artifactKey: Guid(b30ff384c80a3fc40a8ed3b0b3e20cf5) Importer(815301076,1909f56bfc062723c751e8b465ee728b)
Start importing Assets/Textures/PNG/UI/playerLife1_green.png using Guid(b30ff384c80a3fc40a8ed3b0b3e20cf5) Importer(815301076,1909f56bfc062723c751e8b465ee728b)  -> (artifact id: 'abcd7f653c20345032cfb4776994a7dc') in 0.022995 seconds 
========================================================================
Received Import Request.
  Time since last request: 0.000033 seconds.
  path: Assets/Textures/PNG/UI/playerLife2_green.png
  artifactKey: Guid(5e97a8567ec43ba4795f3082daafc488) Importer(815301076,1909f56bfc062723c751e8b465ee728b)
Start importing Assets/Textures/PNG/UI/playerLife2_green.png using Guid(5e97a8567ec43ba4795f3082daafc488) Importer(815301076,1909f56bfc062723c751e8b465ee728b)  -> (artifact id: 'a8a29a08f2993331b02c51cf82b6db7e') in 0.016923 seconds 
========================================================================
Received Import Request.
  Time since last request: 0.000029 seconds.
  path: Assets/Textures/PNG/UI/numeral4.png
  artifactKey: Guid(636bf558ea8f02a4c92b7af7938071bb) Importer(815301076,1909f56bfc062723c751e8b465ee728b)
Start importing Assets/Textures/PNG/UI/numeral4.png using Guid(636bf558ea8f02a4c92b7af7938071bb) Importer(815301076,1909f56bfc062723c751e8b465ee728b)  -> (artifact id: 'bbed3e6717abc76a7bc5b92984794192') in 0.037770 seconds 
========================================================================
Received Import Request.
  Time since last request: 0.000028 seconds.
  path: Assets/Textures/PNG/UI/numeral3.png
  artifactKey: Guid(1b3505dc795268c4a98fd7ca8f0fc56f) Importer(815301076,1909f56bfc062723c751e8b465ee728b)
Start importing Assets/Textures/PNG/UI/numeral3.png using Guid(1b3505dc795268c4a98fd7ca8f0fc56f) Importer(815301076,1909f56bfc062723c751e8b465ee728b)  -> (artifact id: '7676451e59863a084c2f532dfe53429b') in 0.028393 seconds 
========================================================================
Received Import Request.
  Time since last request: 0.000025 seconds.
  path: Assets/Textures/PNG/UI/playerLife2_orange.png
  artifactKey: Guid(f78886778e203354ebd879be00b26e6f) Importer(815301076,1909f56bfc062723c751e8b465ee728b)
Start importing Assets/Textures/PNG/UI/playerLife2_orange.png using Guid(f78886778e203354ebd879be00b26e6f) Importer(815301076,1909f56bfc062723c751e8b465ee728b)  -> (artifact id: '91896d1ce72c50d865db5a7925219fef') in 0.028547 seconds 
========================================================================
Received Import Request.
  Time since last request: 0.000033 seconds.
  path: Assets/Textures/PNG/UI/numeral8.png
  artifactKey: Guid(335dc9921128d13408d1f92b770fdcc7) Importer(815301076,1909f56bfc062723c751e8b465ee728b)
Start importing Assets/Textures/PNG/UI/numeral8.png using Guid(335dc9921128d13408d1f92b770fdcc7) Importer(815301076,1909f56bfc062723c751e8b465ee728b)  -> (artifact id: '2d845dc2df172ec0f0324cc42783090a') in 0.037050 seconds 
========================================================================
Received Import Request.
  Time since last request: 72.772054 seconds.
  path: Assets/Textures/PNG/player
  artifactKey: Guid(4c13a266f7546df43a6fb3b1763c4622) Importer(815301076,1909f56bfc062723c751e8b465ee728b)
Start importing Assets/Textures/PNG/player using Guid(4c13a266f7546df43a6fb3b1763c4622) Importer(815301076,1909f56bfc062723c751e8b465ee728b)  -> (artifact id: '448aaf355c4766239538fbb460db3eea') in 0.008458 seconds 
========================================================================
Received Import Request.
  Time since last request: 23.575035 seconds.
  path: Assets/Textures/Sound
  artifactKey: Guid(b7835481e252b2b41b0d2679998a1ae1) Importer(815301076,1909f56bfc062723c751e8b465ee728b)
Start importing Assets/Textures/Sound using Guid(b7835481e252b2b41b0d2679998a1ae1) Importer(815301076,1909f56bfc062723c751e8b465ee728b)  -> (artifact id: '783bf39cc2f1745322a4d85af030ffe8') in 0.004698 seconds 
========================================================================
Received Import Request.
  Time since last request: 3.885518 seconds.
  path: Assets/Textures/Audio
  artifactKey: Guid(b7835481e252b2b41b0d2679998a1ae1) Importer(815301076,1909f56bfc062723c751e8b465ee728b)
Start importing Assets/Textures/Audio using Guid(b7835481e252b2b41b0d2679998a1ae1) Importer(815301076,1909f56bfc062723c751e8b465ee728b)  -> (artifact id: '359e0ee5f2f08ededb5c1d1f1ca2c50e') in 0.010223 seconds 
========================================================================
Received Import Request.
  Time since last request: 5.569893 seconds.
  path: Assets/Unity.VisualScripting.Generated
  artifactKey: Guid(97888bca333fa114eb5b6c5ad9da1e16) Importer(815301076,1909f56bfc062723c751e8b465ee728b)
Start importing Assets/Unity.VisualScripting.Generated using Guid(97888bca333fa114eb5b6c5ad9da1e16) Importer(815301076,1909f56bfc062723c751e8b465ee728b)  -> (artifact id: 'd849c84a0e07ad04d0f921e7ae1c3aad') in 0.017593 seconds 
========================================================================
Received Prepare
Registering precompiled user dll's ...
Registered in 0.003570 seconds.
Begin MonoManager ReloadAssembly
Native extension for WindowsStandalone target not found
Native extension for WebGL target not found
Refreshing native plugins compatible for Editor in 0.69 ms, found 4 plugins.
Preloading 0 native plugins for Editor in 0.00 ms.
System.Exception: Error! Visual Scripting: couldn't find visual scripting package
  at Unity.VisualScripting.PackageVersionUtility.get_version () [0x00043] in C:\Users\Andreas\Documents\GitHub\Spaceshooter\Library\PackageCache\com.unity.visualscripting@1.7.8\Editor\VisualScripting.Core\Utilities\PackageVersionUtility.cs:31 
  at Unity.VisualScripting.BoltCoreManifest.get_version () [0x00000] in C:\Users\Andreas\Documents\GitHub\Spaceshooter\Library\PackageCache\com.unity.visualscripting@1.7.8\Editor\VisualScripting.Core\Plugin\BoltCoreManifest.cs:11 
  at Unity.VisualScripting.PluginManifest.get_currentVersion () [0x00000] in C:\Users\Andreas\Documents\GitHub\Spaceshooter\Library\PackageCache\com.unity.visualscripting@1.7.8\Editor\VisualScripting.Core\Plugins\PluginManifest.cs:33 
  at Unity.VisualScripting.PluginManifest.get_versionMismatch () [0x00000] in C:\Users\Andreas\Documents\GitHub\Spaceshooter\Library\PackageCache\com.unity.visualscripting@1.7.8\Editor\VisualScripting.Core\Plugins\PluginManifest.cs:48 
  at Unity.VisualScripting.PluginContainer.Initialize () [0x00525] in C:\Users\Andreas\Documents\GitHub\Spaceshooter\Library\PackageCache\com.unity.visualscripting@1.7.8\Editor\VisualScripting.Core\Plugins\PluginContainer.cs:208 
  at Unity.VisualScripting.PluginContainer.InitializeOnLoad () [0x00009] in C:\Users\Andreas\Documents\GitHub\Spaceshooter\Library\PackageCache\com.unity.visualscripting@1.7.8\Editor\VisualScripting.Core\Plugins\PluginContainer.cs:32 
  at Unity.VisualScripting.VSUsageUtility.DoInitializeOnLoadCalls () [0x00034] in C:\Users\Andreas\Documents\GitHub\Spaceshooter\Library\PackageCache\com.unity.visualscripting@1.7.8\Editor\VisualScripting.Core\Utilities\VSUsageUtility.cs:76 
  at Unity.VisualScripting.VSUsageUtility.set_isVisualScriptingUsed (System.Boolean value) [0x0002c] in C:\Users\Andreas\Documents\GitHub\Spaceshooter\Library\PackageCache\com.unity.visualscripting@1.7.8\Editor\VisualScripting.Core\Utilities\VSUsageUtility.cs:114 
  at Unity.VisualScripting.VSUsageUtility.CheckAndSetIsVisualScriptingUsed () [0x0000d] in C:\Users\Andreas\Documents\GitHub\Spaceshooter\Library\PackageCache\com.unity.visualscripting@1.7.8\Editor\VisualScripting.Core\Utilities\VSUsageUtility.cs:33 
  at Unity.VisualScripting.VSUsageUtility..cctor () [0x00000] in C:\Users\Andreas\Documents\GitHub\Spaceshooter\Library\PackageCache\com.unity.visualscripting@1.7.8\Editor\VisualScripting.Core\Utilities\VSUsageUtility.cs:22 
UnityEngine.StackTraceUtility:ExtractStackTrace ()
UnityEngine.DebugLogHandler:LogFormat (UnityEngine.LogType,UnityEngine.Object,string,object[])
UnityEngine.Logger:Log (UnityEngine.LogType,object)
UnityEngine.Debug:LogError (object)
UnityEditor.EditorAssemblies:ProcessInitializeOnLoadAttributes (System.Type[])

Mono: successfully reloaded assembly
- Completed reload, in  0.892 seconds
Domain Reload Profiling:
	ReloadAssembly (893ms)
		BeginReloadAssembly (116ms)
			ExecutionOrderSort (0ms)
			DisableScriptedObjects (5ms)
			BackupInstance (0ms)
			ReleaseScriptingObjects (0ms)
			CreateAndSetChildDomain (38ms)
		EndReloadAssembly (708ms)
			LoadAssemblies (57ms)
			RebuildTransferFunctionScriptingTraits (0ms)
			SetupTypeCache (155ms)
			ReleaseScriptCaches (1ms)
			RebuildScriptCaches (37ms)
			SetupLoadedEditorAssemblies (325ms)
				LogAssemblyErrors (0ms)
				InitializePlatformSupportModulesInManaged (9ms)
				SetLoadedEditorAssemblies (0ms)
				RefreshPlugins (1ms)
				BeforeProcessingInitializeOnLoad (45ms)
				ProcessInitializeOnLoadAttributes (241ms)
				ProcessInitializeOnLoadMethodAttributes (24ms)
				AfterProcessingInitializeOnLoad (5ms)
				EditorAssembliesLoaded (0ms)
			ExecutionOrderSort2 (0ms)
			AwakeInstancesAfterBackupRestoration (7ms)
Platform modules already initialized, skipping
Refreshing native plugins compatible for Editor in 1.74 ms, found 4 plugins.
Preloading 0 native plugins for Editor in 0.00 ms.
Unloading 4064 Unused Serialized files (Serialized files now loaded: 0)
Unloading 31 unused Assets / (190.6 KB). Loaded Objects now: 4582.
Memory consumption went from 156.0 MB to 155.8 MB.
Total: 9.039500 ms (FindLiveObjects: 0.252100 ms CreateObjectMapping: 0.124400 ms MarkObjects: 8.496900 ms  DeleteObjects: 0.165000 ms)

AssetImportParameters requested are different than current active one (requested -> active):
  custom:video-decoder-ogg-theora: a1e56fd34408186e4bbccfd4996cb3dc -> 
  custom:container-muxer-webm: aa71ff27fc2769a1b78a27578f13a17b -> 
  custom:container-demuxer-webm: 4f35f7cbe854078d1ac9338744f61a02 -> 
  custom:video-encoder-webm-vp8: eb34c28f22e8b96e1ab97ce403110664 -> 
  custom:audio-encoder-webm-vorbis: bf7c407c2cedff20999df2af8eb42d56 -> 
  custom:framework-win-MediaFoundation: 216162199b28c13a410421893ffa2e32 -> 
  custom:container-demuxer-ogg: 62fdf1f143b41e24485cea50d1cbac27 -> 
  custom:video-decoder-webm-vp8: 9c59270c3fd7afecdb556c50c9e8de78 -> 
  custom:audio-decoder-ogg-vorbis: bf7c407c2cedff20999df2af8eb42d56 -> 
========================================================================
Received Import Request.
  Time since last request: 92.456526 seconds.
  path: Assets/Textures/Parts/beam0.png
  artifactKey: Guid(d5b3619785d7be64283626c9ce5949ee) Importer(815301076,1909f56bfc062723c751e8b465ee728b)
Start importing Assets/Textures/Parts/beam0.png using Guid(d5b3619785d7be64283626c9ce5949ee) Importer(815301076,1909f56bfc062723c751e8b465ee728b)  -> (artifact id: 'ad9f5a60661c3b18601c8ecbb5ef3022') in 0.054156 seconds 
========================================================================
Received Import Request.
  Time since last request: 0.000020 seconds.
  path: Assets/Textures/Parts/cockpitRed_5.png
  artifactKey: Guid(42aa4e3ef2702854d8af6ddca6122a15) Importer(815301076,1909f56bfc062723c751e8b465ee728b)
Start importing Assets/Textures/Parts/cockpitRed_5.png using Guid(42aa4e3ef2702854d8af6ddca6122a15) Importer(815301076,1909f56bfc062723c751e8b465ee728b)  -> (artifact id: 'c4787f8f54d4bb21e50736d6be837c7a') in 0.018534 seconds 
========================================================================
Received Import Request.
  Time since last request: 0.000017 seconds.
  path: Assets/Textures/Parts/gun02.png
  artifactKey: Guid(b60cde928c081f945b793eb8838d850a) Importer(815301076,1909f56bfc062723c751e8b465ee728b)
Start importing Assets/Textures/Parts/gun02.png using Guid(b60cde928c081f945b793eb8838d850a) Importer(815301076,1909f56bfc062723c751e8b465ee728b)  -> (artifact id: '8cc3148730600e159a42bbde47e1d1d6') in 0.017768 seconds 
========================================================================
Received Import Request.
  Time since last request: 0.000019 seconds.
  path: Assets/Textures/Power-ups/bold_silver.png
  artifactKey: Guid(7484f6bd708c17a4f9705291654e49c2) Importer(815301076,1909f56bfc062723c751e8b465ee728b)
Start importing Assets/Textures/Power-ups/bold_silver.png using Guid(7484f6bd708c17a4f9705291654e49c2) Importer(815301076,1909f56bfc062723c751e8b465ee728b)  -> (artifact id: 'c26d98252259e75ad540b9c10d6c386e') in 0.022900 seconds 
========================================================================
Received Import Request.
  Time since last request: 0.000018 seconds.
  path: Assets/Textures/Parts/cockpitBlue_1.png
  artifactKey: Guid(6b3338866e0887c40b6cdae6b68ed3ef) Importer(815301076,1909f56bfc062723c751e8b465ee728b)
Start importing Assets/Textures/Parts/cockpitBlue_1.png using Guid(6b3338866e0887c40b6cdae6b68ed3ef) Importer(815301076,1909f56bfc062723c751e8b465ee728b)  -> (artifact id: 'dbd812c0166e775ff24ed36d70768819') in 0.024821 seconds 
========================================================================
Received Import Request.
  Time since last request: 0.000020 seconds.
  path: Assets/Textures/Parts/cockpitBlue_6.png
  artifactKey: Guid(a48ad443d9aac4a42a5779b9216636da) Importer(815301076,1909f56bfc062723c751e8b465ee728b)
Start importing Assets/Textures/Parts/cockpitBlue_6.png using Guid(a48ad443d9aac4a42a5779b9216636da) Importer(815301076,1909f56bfc062723c751e8b465ee728b)  -> (artifact id: 'c3bcda24671fdbbf33d9080f27cba1b5') in 0.025141 seconds 
========================================================================
Received Import Request.
  Time since last request: 0.000020 seconds.
  path: Assets/Textures/Parts/engine2.png
  artifactKey: Guid(6f5166a4e24e7dc46b214bb062a1675b) Importer(815301076,1909f56bfc062723c751e8b465ee728b)
Start importing Assets/Textures/Parts/engine2.png using Guid(6f5166a4e24e7dc46b214bb062a1675b) Importer(815301076,1909f56bfc062723c751e8b465ee728b)  -> (artifact id: 'f02e8b657a77dde0b3b3aabd2082eb18') in 0.016780 seconds 
========================================================================
Received Import Request.
  Time since last request: 0.000019 seconds.
  path: Assets/Textures/Parts/engine4.png
  artifactKey: Guid(d8dd60896bcd0564786698d7d819af0f) Importer(815301076,1909f56bfc062723c751e8b465ee728b)
Start importing Assets/Textures/Parts/engine4.png using Guid(d8dd60896bcd0564786698d7d819af0f) Importer(815301076,1909f56bfc062723c751e8b465ee728b)  -> (artifact id: '3fe98b3b84bfcbf6125253cc1c9921c3') in 0.014743 seconds 
========================================================================
Received Import Request.
  Time since last request: 0.000028 seconds.
  path: Assets/Textures/Parts/cockpitGreen_3.png
  artifactKey: Guid(f2f0488dcb50a2b41bf83ae164f1ff22) Importer(815301076,1909f56bfc062723c751e8b465ee728b)
Start importing Assets/Textures/Parts/cockpitGreen_3.png using Guid(f2f0488dcb50a2b41bf83ae164f1ff22) Importer(815301076,1909f56bfc062723c751e8b465ee728b)  -> (artifact id: '495976b53171118069a21c59a9ebb2fa') in 0.016628 seconds 
========================================================================
Received Import Request.
  Time since last request: 0.000020 seconds.
  path: Assets/Textures/Parts/cockpitYellow_2.png
  artifactKey: Guid(c204d10a32c21d642b8fed55804d1cd6) Importer(815301076,1909f56bfc062723c751e8b465ee728b)
Start importing Assets/Textures/Parts/cockpitYellow_2.png using Guid(c204d10a32c21d642b8fed55804d1cd6) Importer(815301076,1909f56bfc062723c751e8b465ee728b)  -> (artifact id: 'c279a406ce8cdc623343fe6089979a81') in 0.037638 seconds 
========================================================================
Received Import Request.
  Time since last request: 0.000022 seconds.
  path: Assets/Textures/Parts/cockpitYellow_1.png
  artifactKey: Guid(d0350a234154d214fb0cd45d9c3e9223) Importer(815301076,1909f56bfc062723c751e8b465ee728b)
Start importing Assets/Textures/Parts/cockpitYellow_1.png using Guid(d0350a234154d214fb0cd45d9c3e9223) Importer(815301076,1909f56bfc062723c751e8b465ee728b)  -> (artifact id: '451f1fb4228bfc2c15674ef4b6715a18') in 0.015117 seconds 
========================================================================
Received Import Request.
  Time since last request: 0.000016 seconds.
  path: Assets/Textures/Parts/beam4.png
  artifactKey: Guid(11744088400d8554783c780a799e2139) Importer(815301076,1909f56bfc062723c751e8b465ee728b)
Start importing Assets/Textures/Parts/beam4.png using Guid(11744088400d8554783c780a799e2139) Importer(815301076,1909f56bfc062723c751e8b465ee728b)  -> (artifact id: '0a07675fb0383270dd52737946e7b159') in 0.014025 seconds 
========================================================================
Received Import Request.
  Time since last request: 0.000027 seconds.
  path: Assets/Textures/Parts/beam2.png
  artifactKey: Guid(c476e1fa45da49b4f93968fbff533c9b) Importer(815301076,1909f56bfc062723c751e8b465ee728b)
Start importing Assets/Textures/Parts/beam2.png using Guid(c476e1fa45da49b4f93968fbff533c9b) Importer(815301076,1909f56bfc062723c751e8b465ee728b)  -> (artifact id: 'ab0c5311f89f1d508ad11646fb8d8777') in 0.014290 seconds 
========================================================================
Received Import Request.
  Time since last request: 0.000052 seconds.
  path: Assets/Textures/Parts/cockpitRed_6.png
  artifactKey: Guid(5966214c3be34c74f833ff8a5f135248) Importer(815301076,1909f56bfc062723c751e8b465ee728b)
Start importing Assets/Textures/Parts/cockpitRed_6.png using Guid(5966214c3be34c74f833ff8a5f135248) Importer(815301076,1909f56bfc062723c751e8b465ee728b)  -> (artifact id: 'df0ab98d6c0a4906f3db5e9b673e4eb5') in 0.015315 seconds 
========================================================================
Received Import Request.
  Time since last request: 0.000017 seconds.
  path: Assets/Textures/Parts/cockpitYellow_0.png
  artifactKey: Guid(e03f90e40148e434d94b0eb461ea12d3) Importer(815301076,1909f56bfc062723c751e8b465ee728b)
Start importing Assets/Textures/Parts/cockpitYellow_0.png using Guid(e03f90e40148e434d94b0eb461ea12d3) Importer(815301076,1909f56bfc062723c751e8b465ee728b)  -> (artifact id: '1269821147450e610191fff794ec2893') in 0.015125 seconds 
========================================================================
Received Import Request.
  Time since last request: 0.000036 seconds.
  path: Assets/Textures/Parts/cockpitYellow_7.png
  artifactKey: Guid(e090e7879a060cb4d82296fedf9c7499) Importer(815301076,1909f56bfc062723c751e8b465ee728b)
Start importing Assets/Textures/Parts/cockpitYellow_7.png using Guid(e090e7879a060cb4d82296fedf9c7499) Importer(815301076,1909f56bfc062723c751e8b465ee728b)  -> (artifact id: 'ef88581f9acbeef27a5ec728bb4cd745') in 0.015742 seconds 
========================================================================
Received Import Request.
  Time since last request: 0.000019 seconds.
  path: Assets/Textures/Parts/cockpitRed_2.png
  artifactKey: Guid(10cf9de05ce57354ca64485dda1111c6) Importer(815301076,1909f56bfc062723c751e8b465ee728b)
Start importing Assets/Textures/Parts/cockpitRed_2.png using Guid(10cf9de05ce57354ca64485dda1111c6) Importer(815301076,1909f56bfc062723c751e8b465ee728b)  -> (artifact id: '192d5eddbf24eaaece790c1fbc17673c') in 0.015312 seconds 
========================================================================
Received Import Request.
  Time since last request: 0.000028 seconds.
  path: Assets/Textures/Parts/cockpitYellow_3.png
  artifactKey: Guid(2abac7440e1449c49bfbaa1a0f245e0d) Importer(815301076,1909f56bfc062723c751e8b465ee728b)
Start importing Assets/Textures/Parts/cockpitYellow_3.png using Guid(2abac7440e1449c49bfbaa1a0f245e0d) Importer(815301076,1909f56bfc062723c751e8b465ee728b)  -> (artifact id: '59cdeca93ca4af6aa3c5c86f8c76dff4') in 0.014894 seconds 
========================================================================
Received Import Request.
  Time since last request: 0.000027 seconds.
  path: Assets/Textures/Parts/gun01.png
  artifactKey: Guid(9708d336cdde3fc46bd63b1ec061dae2) Importer(815301076,1909f56bfc062723c751e8b465ee728b)
Start importing Assets/Textures/Parts/gun01.png using Guid(9708d336cdde3fc46bd63b1ec061dae2) Importer(815301076,1909f56bfc062723c751e8b465ee728b)  -> (artifact id: 'b5746dadb30d88a0978dd79301371e73') in 0.013462 seconds 
========================================================================
Received Import Request.
  Time since last request: 0.000021 seconds.
  path: Assets/Textures/Parts/cockpitGreen_6.png
  artifactKey: Guid(d5ab1f1376c0d354a8ed15c73a2f7c00) Importer(815301076,1909f56bfc062723c751e8b465ee728b)
Start importing Assets/Textures/Parts/cockpitGreen_6.png using Guid(d5ab1f1376c0d354a8ed15c73a2f7c00) Importer(815301076,1909f56bfc062723c751e8b465ee728b)  -> (artifact id: 'c638f25d0d75e7c737daf0de8d79ffe7') in 0.020751 seconds 
========================================================================
Received Import Request.
  Time since last request: 0.000026 seconds.
  path: Assets/Textures/Parts/gun04.png
  artifactKey: Guid(de10e2350fe826a4abb4f081ceb50e4f) Importer(815301076,1909f56bfc062723c751e8b465ee728b)
Start importing Assets/Textures/Parts/gun04.png using Guid(de10e2350fe826a4abb4f081ceb50e4f) Importer(815301076,1909f56bfc062723c751e8b465ee728b)  -> (artifact id: '3377c088cd6f9e8363facccf84cdcf34') in 0.014555 seconds 
========================================================================
Received Import Request.
  Time since last request: 0.000017 seconds.
  path: Assets/Textures/Parts/cockpitBlue_0.png
  artifactKey: Guid(8b356e0a4e99d3e46b21e57cb07452b9) Importer(815301076,1909f56bfc062723c751e8b465ee728b)
Start importing Assets/Textures/Parts/cockpitBlue_0.png using Guid(8b356e0a4e99d3e46b21e57cb07452b9) Importer(815301076,1909f56bfc062723c751e8b465ee728b)  -> (artifact id: 'e3f65c941dbd6aae50a5622912f9d8f1') in 0.015811 seconds 
========================================================================
Received Import Request.
  Time since last request: 0.000017 seconds.
  path: Assets/Textures/Parts/engine5.png
  artifactKey: Guid(24b87dda7bffa48409101e2d32c3489b) Importer(815301076,1909f56bfc062723c751e8b465ee728b)
Start importing Assets/Textures/Parts/engine5.png using Guid(24b87dda7bffa48409101e2d32c3489b) Importer(815301076,1909f56bfc062723c751e8b465ee728b)  -> (artifact id: 'adb7b8d8c70df008226461421f1bf066') in 0.013213 seconds 
========================================================================
Received Import Request.
  Time since last request: 0.000019 seconds.
  path: Assets/Textures/Parts/cockpitBlue_4.png
  artifactKey: Guid(0b56d0e72f81d2a4ca1691ea521b9e4f) Importer(815301076,1909f56bfc062723c751e8b465ee728b)
Start importing Assets/Textures/Parts/cockpitBlue_4.png using Guid(0b56d0e72f81d2a4ca1691ea521b9e4f) Importer(815301076,1909f56bfc062723c751e8b465ee728b)  -> (artifact id: '84403f2d1d187c08a22cd656e9f029f6') in 0.014873 seconds 
========================================================================
Received Import Request.
  Time since last request: 0.000019 seconds.
  path: Assets/Textures/Parts/cockpitYellow_4.png
  artifactKey: Guid(2af0a9e78f4c7e94bad19d9e6bdb86b8) Importer(815301076,1909f56bfc062723c751e8b465ee728b)
Start importing Assets/Textures/Parts/cockpitYellow_4.png using Guid(2af0a9e78f4c7e94bad19d9e6bdb86b8) Importer(815301076,1909f56bfc062723c751e8b465ee728b)  -> (artifact id: '466c405976d7d16803140e21fc6b250e') in 0.015015 seconds 
========================================================================
Received Import Request.
  Time since last request: 0.000017 seconds.
  path: Assets/Textures/Parts/gun08.png
  artifactKey: Guid(b837b752be927ce4889e1ebfff7331da) Importer(815301076,1909f56bfc062723c751e8b465ee728b)
Start importing Assets/Textures/Parts/gun08.png using Guid(b837b752be927ce4889e1ebfff7331da) Importer(815301076,1909f56bfc062723c751e8b465ee728b)  -> (artifact id: 'ca80e69f3c6e747eeb2ef3e30b13bd53') in 0.014275 seconds 
========================================================================
Received Import Request.
  Time since last request: 0.000018 seconds.
  path: Assets/Textures/Parts/cockpitRed_4.png
  artifactKey: Guid(29579945a037aab418791e84a9632379) Importer(815301076,1909f56bfc062723c751e8b465ee728b)
Start importing Assets/Textures/Parts/cockpitRed_4.png using Guid(29579945a037aab418791e84a9632379) Importer(815301076,1909f56bfc062723c751e8b465ee728b)  -> (artifact id: '22f08a961624b788674e2660c1a66be3') in 0.014238 seconds 
========================================================================
Received Import Request.
  Time since last request: 0.000024 seconds.
  path: Assets/Textures/Parts/beamLong1.png
  artifactKey: Guid(70172df1781c2a849be9443ea63db906) Importer(815301076,1909f56bfc062723c751e8b465ee728b)
Start importing Assets/Textures/Parts/beamLong1.png using Guid(70172df1781c2a849be9443ea63db906) Importer(815301076,1909f56bfc062723c751e8b465ee728b)  -> (artifact id: '251a9ce3ef970f460a671a0c4bd66bfe') in 0.014608 seconds 
========================================================================
Received Import Request.
  Time since last request: 0.000028 seconds.
  path: Assets/Textures/Parts/cockpitRed_0.png
  artifactKey: Guid(203b62d24f1f567409914dee6fa1323a) Importer(815301076,1909f56bfc062723c751e8b465ee728b)
Start importing Assets/Textures/Parts/cockpitRed_0.png using Guid(203b62d24f1f567409914dee6fa1323a) Importer(815301076,1909f56bfc062723c751e8b465ee728b)  -> (artifact id: '2b2ce57d46dc463d038544d3462e5b42') in 0.014139 seconds 
========================================================================
Received Import Request.
  Time since last request: 0.000026 seconds.
  path: Assets/Textures/Power-ups/bolt_bronze.png
  artifactKey: Guid(b7e6e5271a0583040b758a39308fbf89) Importer(815301076,1909f56bfc062723c751e8b465ee728b)
Start importing Assets/Textures/Power-ups/bolt_bronze.png using Guid(b7e6e5271a0583040b758a39308fbf89) Importer(815301076,1909f56bfc062723c751e8b465ee728b)  -> (artifact id: '3e01efadb99e3f4733da9c6a8ee31187') in 0.013526 seconds 
========================================================================
Received Prepare
Registering precompiled user dll's ...
Registered in 0.003742 seconds.
Begin MonoManager ReloadAssembly
Native extension for WindowsStandalone target not found
Native extension for WebGL target not found
Refreshing native plugins compatible for Editor in 0.63 ms, found 4 plugins.
Preloading 0 native plugins for Editor in 0.00 ms.
System.Exception: Error! Visual Scripting: couldn't find visual scripting package
  at Unity.VisualScripting.PackageVersionUtility.get_version () [0x00043] in C:\Users\Andreas\Documents\GitHub\Spaceshooter\Library\PackageCache\com.unity.visualscripting@1.7.8\Editor\VisualScripting.Core\Utilities\PackageVersionUtility.cs:31 
  at Unity.VisualScripting.BoltCoreManifest.get_version () [0x00000] in C:\Users\Andreas\Documents\GitHub\Spaceshooter\Library\PackageCache\com.unity.visualscripting@1.7.8\Editor\VisualScripting.Core\Plugin\BoltCoreManifest.cs:11 
  at Unity.VisualScripting.PluginManifest.get_currentVersion () [0x00000] in C:\Users\Andreas\Documents\GitHub\Spaceshooter\Library\PackageCache\com.unity.visualscripting@1.7.8\Editor\VisualScripting.Core\Plugins\PluginManifest.cs:33 
  at Unity.VisualScripting.PluginManifest.get_versionMismatch () [0x00000] in C:\Users\Andreas\Documents\GitHub\Spaceshooter\Library\PackageCache\com.unity.visualscripting@1.7.8\Editor\VisualScripting.Core\Plugins\PluginManifest.cs:48 
  at Unity.VisualScripting.PluginContainer.Initialize () [0x00525] in C:\Users\Andreas\Documents\GitHub\Spaceshooter\Library\PackageCache\com.unity.visualscripting@1.7.8\Editor\VisualScripting.Core\Plugins\PluginContainer.cs:208 
  at Unity.VisualScripting.PluginContainer.InitializeOnLoad () [0x00009] in C:\Users\Andreas\Documents\GitHub\Spaceshooter\Library\PackageCache\com.unity.visualscripting@1.7.8\Editor\VisualScripting.Core\Plugins\PluginContainer.cs:32 
  at Unity.VisualScripting.VSUsageUtility.DoInitializeOnLoadCalls () [0x00034] in C:\Users\Andreas\Documents\GitHub\Spaceshooter\Library\PackageCache\com.unity.visualscripting@1.7.8\Editor\VisualScripting.Core\Utilities\VSUsageUtility.cs:76 
  at Unity.VisualScripting.VSUsageUtility.set_isVisualScriptingUsed (System.Boolean value) [0x0002c] in C:\Users\Andreas\Documents\GitHub\Spaceshooter\Library\PackageCache\com.unity.visualscripting@1.7.8\Editor\VisualScripting.Core\Utilities\VSUsageUtility.cs:114 
  at Unity.VisualScripting.VSUsageUtility.CheckAndSetIsVisualScriptingUsed () [0x0000d] in C:\Users\Andreas\Documents\GitHub\Spaceshooter\Library\PackageCache\com.unity.visualscripting@1.7.8\Editor\VisualScripting.Core\Utilities\VSUsageUtility.cs:33 
  at Unity.VisualScripting.VSUsageUtility..cctor () [0x00000] in C:\Users\Andreas\Documents\GitHub\Spaceshooter\Library\PackageCache\com.unity.visualscripting@1.7.8\Editor\VisualScripting.Core\Utilities\VSUsageUtility.cs:22 
UnityEngine.StackTraceUtility:ExtractStackTrace ()
UnityEngine.DebugLogHandler:LogFormat (UnityEngine.LogType,UnityEngine.Object,string,object[])
UnityEngine.Logger:Log (UnityEngine.LogType,object)
UnityEngine.Debug:LogError (object)
UnityEditor.EditorAssemblies:ProcessInitializeOnLoadAttributes (System.Type[])

Mono: successfully reloaded assembly
- Completed reload, in  0.958 seconds
Domain Reload Profiling:
	ReloadAssembly (959ms)
		BeginReloadAssembly (108ms)
			ExecutionOrderSort (0ms)
			DisableScriptedObjects (5ms)
			BackupInstance (0ms)
			ReleaseScriptingObjects (0ms)
			CreateAndSetChildDomain (32ms)
		EndReloadAssembly (787ms)
			LoadAssemblies (60ms)
			RebuildTransferFunctionScriptingTraits (0ms)
			SetupTypeCache (162ms)
			ReleaseScriptCaches (2ms)
			RebuildScriptCaches (34ms)
			SetupLoadedEditorAssemblies (385ms)
				LogAssemblyErrors (0ms)
				InitializePlatformSupportModulesInManaged (9ms)
				SetLoadedEditorAssemblies (0ms)
				RefreshPlugins (1ms)
				BeforeProcessingInitializeOnLoad (53ms)
				ProcessInitializeOnLoadAttributes (292ms)
				ProcessInitializeOnLoadMethodAttributes (25ms)
				AfterProcessingInitializeOnLoad (4ms)
				EditorAssembliesLoaded (0ms)
			ExecutionOrderSort2 (0ms)
			AwakeInstancesAfterBackupRestoration (6ms)
Platform modules already initialized, skipping
Refreshing native plugins compatible for Editor in 1.88 ms, found 4 plugins.
Preloading 0 native plugins for Editor in 0.00 ms.
Unloading 4064 Unused Serialized files (Serialized files now loaded: 0)
Unloading 31 unused Assets / (227.8 KB). Loaded Objects now: 4626.
Memory consumption went from 156.1 MB to 155.9 MB.
Total: 10.918400 ms (FindLiveObjects: 0.233500 ms CreateObjectMapping: 0.115500 ms MarkObjects: 10.351800 ms  DeleteObjects: 0.216400 ms)

AssetImportParameters requested are different than current active one (requested -> active):
  custom:video-decoder-ogg-theora: a1e56fd34408186e4bbccfd4996cb3dc -> 
  custom:container-muxer-webm: aa71ff27fc2769a1b78a27578f13a17b -> 
  custom:container-demuxer-webm: 4f35f7cbe854078d1ac9338744f61a02 -> 
  custom:video-encoder-webm-vp8: eb34c28f22e8b96e1ab97ce403110664 -> 
  custom:audio-encoder-webm-vorbis: bf7c407c2cedff20999df2af8eb42d56 -> 
  custom:framework-win-MediaFoundation: 216162199b28c13a410421893ffa2e32 -> 
  custom:container-demuxer-ogg: 62fdf1f143b41e24485cea50d1cbac27 -> 
  custom:video-decoder-webm-vp8: 9c59270c3fd7afecdb556c50c9e8de78 -> 
  custom:audio-decoder-ogg-vorbis: bf7c407c2cedff20999df2af8eb42d56 -> 
Editor requested this worker to shutdown with reason: Scaling down because of idle timeout
AssetImportWorker is now disconnected from the server
Process exiting
Exiting without the bug reporter. Application will terminate with return code 0