Using pre-set license
Built from '2021.3/staging' branch; Version is '2021.3.9f1 (ad3870b89536) revision 11352176'; Using compiler version '192829333'; Build Type 'Release'
OS: 'Windows 11  (10.0.22000) 64bit Professional' Language: 'en' Physical Memory: 32472 MB
BatchMode: 1, IsHumanControllingUs: 0, StartBugReporterOnCrash: 0, Is64bit: 1, IsPro: 1

COMMAND LINE ARGUMENTS:
C:\Program Files\Unity\Hub\Editor\2021.3.9f1\Editor\Unity.exe
-adb2
-batchMode
-noUpm
-name
AssetImportWorker6
-projectPath
C:/Users/Andreas/Documents/GitHub/Spaceshooter
-logFile
Logs/AssetImportWorker6.log
-srvPort
64410
Successfully changed project path to: C:/Users/Andreas/Documents/GitHub/Spaceshooter
C:/Users/Andreas/Documents/GitHub/Spaceshooter
[UnityMemory] Configuration Parameters - Can be set up in boot.config
    "memorysetup-bucket-allocator-granularity=16"
    "memorysetup-bucket-allocator-bucket-count=8"
    "memorysetup-bucket-allocator-block-size=33554432"
    "memorysetup-bucket-allocator-block-count=8"
    "memorysetup-main-allocator-block-size=16777216"
    "memorysetup-thread-allocator-block-size=16777216"
    "memorysetup-gfx-main-allocator-block-size=16777216"
    "memorysetup-gfx-thread-allocator-block-size=16777216"
    "memorysetup-cache-allocator-block-size=4194304"
    "memorysetup-typetree-allocator-block-size=2097152"
    "memorysetup-profiler-bucket-allocator-granularity=16"
    "memorysetup-profiler-bucket-allocator-bucket-count=8"
    "memorysetup-profiler-bucket-allocator-block-size=33554432"
    "memorysetup-profiler-bucket-allocator-block-count=8"
    "memorysetup-profiler-allocator-block-size=16777216"
    "memorysetup-profiler-editor-allocator-block-size=1048576"
    "memorysetup-temp-allocator-size-main=16777216"
    "memorysetup-job-temp-allocator-block-size=2097152"
    "memorysetup-job-temp-allocator-block-size-background=1048576"
    "memorysetup-job-temp-allocator-reduction-small-platforms=262144"
    "memorysetup-temp-allocator-size-background-worker=32768"
    "memorysetup-temp-allocator-size-job-worker=262144"
    "memorysetup-temp-allocator-size-preload-manager=33554432"
    "memorysetup-temp-allocator-size-nav-mesh-worker=65536"
    "memorysetup-temp-allocator-size-audio-worker=65536"
    "memorysetup-temp-allocator-size-cloud-worker=32768"
    "memorysetup-temp-allocator-size-gi-baking-worker=262144"
    "memorysetup-temp-allocator-size-gfx=262144"
Refreshing native plugins compatible for Editor in 73.65 ms, found 4 plugins.
Preloading 0 native plugins for Editor in 0.00 ms.
Initialize engine version: 2021.3.9f1 (ad3870b89536)
[Subsystems] Discovering subsystems at path C:/Program Files/Unity/Hub/Editor/2021.3.9f1/Editor/Data/Resources/UnitySubsystems
[Subsystems] Discovering subsystems at path C:/Users/Andreas/Documents/GitHub/Spaceshooter/Assets
GfxDevice: creating device client; threaded=0; jobified=0
Direct3D:
    Version:  Direct3D 11.0 [level 11.1]
    Renderer: NVIDIA GeForce RTX 3060 Laptop GPU (ID=0x2520)
    Vendor:   NVIDIA
    VRAM:     6023 MB
    Driver:   30.0.15.1181
Initialize mono
Mono path[0] = 'C:/Program Files/Unity/Hub/Editor/2021.3.9f1/Editor/Data/Managed'
Mono path[1] = 'C:/Program Files/Unity/Hub/Editor/2021.3.9f1/Editor/Data/MonoBleedingEdge/lib/mono/unityjit-win32'
Mono config path = 'C:/Program Files/Unity/Hub/Editor/2021.3.9f1/Editor/Data/MonoBleedingEdge/etc'
Using monoOptions --debugger-agent=transport=dt_socket,embedding=1,server=y,suspend=n,address=127.0.0.1:56756
Begin MonoManager ReloadAssembly
Registering precompiled unity dll's ...
Register platform support module: C:/Program Files/Unity/Hub/Editor/2021.3.9f1/Editor/Data/PlaybackEngines/WebGLSupport/UnityEditor.WebGL.Extensions.dll
Register platform support module: C:/Program Files/Unity/Hub/Editor/2021.3.9f1/Editor/Data/PlaybackEngines/WindowsStandaloneSupport/UnityEditor.WindowsStandalone.Extensions.dll
Registered in 0.002891 seconds.
Native extension for WindowsStandalone target not found
Native extension for WebGL target not found
Refreshing native plugins compatible for Editor in 62.61 ms, found 4 plugins.
Preloading 0 native plugins for Editor in 0.00 ms.
Mono: successfully reloaded assembly
- Completed reload, in  0.474 seconds
Domain Reload Profiling:
	ReloadAssembly (474ms)
		BeginReloadAssembly (61ms)
			ExecutionOrderSort (0ms)
			DisableScriptedObjects (0ms)
			BackupInstance (0ms)
			ReleaseScriptingObjects (0ms)
			CreateAndSetChildDomain (1ms)
		EndReloadAssembly (332ms)
			LoadAssemblies (60ms)
			RebuildTransferFunctionScriptingTraits (0ms)
			SetupTypeCache (80ms)
			ReleaseScriptCaches (0ms)
			RebuildScriptCaches (19ms)
			SetupLoadedEditorAssemblies (196ms)
				LogAssemblyErrors (0ms)
				InitializePlatformSupportModulesInManaged (6ms)
				SetLoadedEditorAssemblies (0ms)
				RefreshPlugins (63ms)
				BeforeProcessingInitializeOnLoad (1ms)
				ProcessInitializeOnLoadAttributes (96ms)
				ProcessInitializeOnLoadMethodAttributes (30ms)
				AfterProcessingInitializeOnLoad (0ms)
				EditorAssembliesLoaded (0ms)
			ExecutionOrderSort2 (0ms)
			AwakeInstancesAfterBackupRestoration (0ms)
Platform modules already initialized, skipping
Registering precompiled user dll's ...
Registered in 0.003917 seconds.
Begin MonoManager ReloadAssembly
Native extension for WindowsStandalone target not found
Native extension for WebGL target not found
Refreshing native plugins compatible for Editor in 75.54 ms, found 4 plugins.
Preloading 0 native plugins for Editor in 0.00 ms.
System.Exception: Error! Visual Scripting: couldn't find visual scripting package
  at Unity.VisualScripting.PackageVersionUtility.get_version () [0x00043] in C:\Users\Andreas\Documents\GitHub\Spaceshooter\Library\PackageCache\com.unity.visualscripting@1.7.8\Editor\VisualScripting.Core\Utilities\PackageVersionUtility.cs:31 
  at Unity.VisualScripting.BoltCoreManifest.get_version () [0x00000] in C:\Users\Andreas\Documents\GitHub\Spaceshooter\Library\PackageCache\com.unity.visualscripting@1.7.8\Editor\VisualScripting.Core\Plugin\BoltCoreManifest.cs:11 
  at Unity.VisualScripting.PluginManifest.get_currentVersion () [0x00000] in C:\Users\Andreas\Documents\GitHub\Spaceshooter\Library\PackageCache\com.unity.visualscripting@1.7.8\Editor\VisualScripting.Core\Plugins\PluginManifest.cs:33 
  at Unity.VisualScripting.PluginManifest.get_versionMismatch () [0x00000] in C:\Users\Andreas\Documents\GitHub\Spaceshooter\Library\PackageCache\com.unity.visualscripting@1.7.8\Editor\VisualScripting.Core\Plugins\PluginManifest.cs:48 
  at Unity.VisualScripting.PluginContainer.Initialize () [0x00525] in C:\Users\Andreas\Documents\GitHub\Spaceshooter\Library\PackageCache\com.unity.visualscripting@1.7.8\Editor\VisualScripting.Core\Plugins\PluginContainer.cs:208 
  at Unity.VisualScripting.PluginContainer.InitializeOnLoad () [0x00009] in C:\Users\Andreas\Documents\GitHub\Spaceshooter\Library\PackageCache\com.unity.visualscripting@1.7.8\Editor\VisualScripting.Core\Plugins\PluginContainer.cs:32 
  at Unity.VisualScripting.VSUsageUtility.DoInitializeOnLoadCalls () [0x00034] in C:\Users\Andreas\Documents\GitHub\Spaceshooter\Library\PackageCache\com.unity.visualscripting@1.7.8\Editor\VisualScripting.Core\Utilities\VSUsageUtility.cs:76 
  at Unity.VisualScripting.VSUsageUtility.set_isVisualScriptingUsed (System.Boolean value) [0x0002c] in C:\Users\Andreas\Documents\GitHub\Spaceshooter\Library\PackageCache\com.unity.visualscripting@1.7.8\Editor\VisualScripting.Core\Utilities\VSUsageUtility.cs:114 
  at Unity.VisualScripting.VSUsageUtility.CheckAndSetIsVisualScriptingUsed () [0x00032] in C:\Users\Andreas\Documents\GitHub\Spaceshooter\Library\PackageCache\com.unity.visualscripting@1.7.8\Editor\VisualScripting.Core\Utilities\VSUsageUtility.cs:48 
  at Unity.VisualScripting.VSUsageUtility..cctor () [0x00000] in C:\Users\Andreas\Documents\GitHub\Spaceshooter\Library\PackageCache\com.unity.visualscripting@1.7.8\Editor\VisualScripting.Core\Utilities\VSUsageUtility.cs:22 
UnityEngine.StackTraceUtility:ExtractStackTrace ()
UnityEngine.DebugLogHandler:LogFormat (UnityEngine.LogType,UnityEngine.Object,string,object[])
UnityEngine.Logger:Log (UnityEngine.LogType,object)
UnityEngine.Debug:LogError (object)
UnityEditor.EditorAssemblies:ProcessInitializeOnLoadAttributes (System.Type[])

Mono: successfully reloaded assembly
- Completed reload, in  1.046 seconds
Domain Reload Profiling:
	ReloadAssembly (1047ms)
		BeginReloadAssembly (74ms)
			ExecutionOrderSort (0ms)
			DisableScriptedObjects (4ms)
			BackupInstance (0ms)
			ReleaseScriptingObjects (0ms)
			CreateAndSetChildDomain (14ms)
		EndReloadAssembly (902ms)
			LoadAssemblies (52ms)
			RebuildTransferFunctionScriptingTraits (0ms)
			SetupTypeCache (185ms)
			ReleaseScriptCaches (1ms)
			RebuildScriptCaches (52ms)
			SetupLoadedEditorAssemblies (567ms)
				LogAssemblyErrors (0ms)
				InitializePlatformSupportModulesInManaged (4ms)
				SetLoadedEditorAssemblies (0ms)
				RefreshPlugins (76ms)
				BeforeProcessingInitializeOnLoad (63ms)
				ProcessInitializeOnLoadAttributes (395ms)
				ProcessInitializeOnLoadMethodAttributes (25ms)
				AfterProcessingInitializeOnLoad (3ms)
				EditorAssembliesLoaded (0ms)
			ExecutionOrderSort2 (0ms)
			AwakeInstancesAfterBackupRestoration (4ms)
Platform modules already initialized, skipping
========================================================================
Worker process is ready to serve import requests
Launched and connected shader compiler UnityShaderCompiler.exe after 0.03 seconds
Refreshing native plugins compatible for Editor in 0.62 ms, found 4 plugins.
Preloading 0 native plugins for Editor in 0.00 ms.
Unloading 4069 Unused Serialized files (Serialized files now loaded: 0)
Unloading 44 unused Assets / (223.4 KB). Loaded Objects now: 4521.
Memory consumption went from 151.6 MB to 151.4 MB.
Total: 10.340600 ms (FindLiveObjects: 0.222500 ms CreateObjectMapping: 0.114500 ms MarkObjects: 9.865000 ms  DeleteObjects: 0.137700 ms)

AssetImportParameters requested are different than current active one (requested -> active):
  custom:video-decoder-ogg-theora: a1e56fd34408186e4bbccfd4996cb3dc -> 
  custom:container-muxer-webm: aa71ff27fc2769a1b78a27578f13a17b -> 
  custom:container-demuxer-webm: 4f35f7cbe854078d1ac9338744f61a02 -> 
  custom:video-encoder-webm-vp8: eb34c28f22e8b96e1ab97ce403110664 -> 
  custom:audio-encoder-webm-vorbis: bf7c407c2cedff20999df2af8eb42d56 -> 
  custom:framework-win-MediaFoundation: 216162199b28c13a410421893ffa2e32 -> 
  custom:container-demuxer-ogg: 62fdf1f143b41e24485cea50d1cbac27 -> 
  custom:video-decoder-webm-vp8: 9c59270c3fd7afecdb556c50c9e8de78 -> 
  custom:audio-decoder-ogg-vorbis: bf7c407c2cedff20999df2af8eb42d56 -> 
========================================================================
Received Import Request.
  Time since last request: 932.838140 seconds.
  path: Assets/Textures/PNG/Damage/playerShip1_damage2.png
  artifactKey: Guid(aa7863a3d06d096439521831caf86568) Importer(815301076,1909f56bfc062723c751e8b465ee728b)
Start importing Assets/Textures/PNG/Damage/playerShip1_damage2.png using Guid(aa7863a3d06d096439521831caf86568) Importer(815301076,1909f56bfc062723c751e8b465ee728b)  -> (artifact id: 'cdf9660e27da51ff0b5fb5e0a3f206d4') in 0.107985 seconds 
========================================================================
Received Import Request.
  Time since last request: 4.722110 seconds.
  path: Assets/Textures/PNG/Lasers/laserBlue02.png
  artifactKey: Guid(fe24e7eee0c3cec4a906788142569a64) Importer(815301076,1909f56bfc062723c751e8b465ee728b)
Start importing Assets/Textures/PNG/Lasers/laserBlue02.png using Guid(fe24e7eee0c3cec4a906788142569a64) Importer(815301076,1909f56bfc062723c751e8b465ee728b)  -> (artifact id: '41743ce2a6a7a09db74f1c4d24702ab3') in 0.030149 seconds 
========================================================================
Received Import Request.
  Time since last request: 0.000023 seconds.
  path: Assets/Textures/PNG/Lasers/laserGreen12.png
  artifactKey: Guid(d1f3f924789e2d04b969ffdc43ef6de9) Importer(815301076,1909f56bfc062723c751e8b465ee728b)
Start importing Assets/Textures/PNG/Lasers/laserGreen12.png using Guid(d1f3f924789e2d04b969ffdc43ef6de9) Importer(815301076,1909f56bfc062723c751e8b465ee728b)  -> (artifact id: '220f6d8a63b65e6b4ec4ac0e122f2589') in 0.021895 seconds 
========================================================================
Received Import Request.
  Time since last request: 0.000025 seconds.
  path: Assets/Textures/PNG/Lasers/laserBlue13.png
  artifactKey: Guid(88553e161919e89458c8123009ae2034) Importer(815301076,1909f56bfc062723c751e8b465ee728b)
Start importing Assets/Textures/PNG/Lasers/laserBlue13.png using Guid(88553e161919e89458c8123009ae2034) Importer(815301076,1909f56bfc062723c751e8b465ee728b)  -> (artifact id: '29a9e82243b8c3ac78e0c6862e970c90') in 0.045913 seconds 
========================================================================
Received Import Request.
  Time since last request: 0.000021 seconds.
  path: Assets/Textures/PNG/Lasers/laserBlue11.png
  artifactKey: Guid(233b0d1da53da8046b0c0ab7557e4fe2) Importer(815301076,1909f56bfc062723c751e8b465ee728b)
Start importing Assets/Textures/PNG/Lasers/laserBlue11.png using Guid(233b0d1da53da8046b0c0ab7557e4fe2) Importer(815301076,1909f56bfc062723c751e8b465ee728b)  -> (artifact id: 'd19666471cfa86ca684af7d7cc6813b0') in 0.034867 seconds 
========================================================================
Received Import Request.
  Time since last request: 0.000020 seconds.
  path: Assets/Textures/PNG/Lasers/laserGreen09.png
  artifactKey: Guid(be0cb3bc7e6048e41a83e0e6c136adf9) Importer(815301076,1909f56bfc062723c751e8b465ee728b)
Start importing Assets/Textures/PNG/Lasers/laserGreen09.png using Guid(be0cb3bc7e6048e41a83e0e6c136adf9) Importer(815301076,1909f56bfc062723c751e8b465ee728b)  -> (artifact id: 'dec4d5f99403c34473ab5096d99f3140') in 0.014822 seconds 
========================================================================
Received Import Request.
  Time since last request: 0.000023 seconds.
  path: Assets/Textures/PNG/Lasers/laserBlue15.png
  artifactKey: Guid(783e57d94585bcb46a059e1da01fd17b) Importer(815301076,1909f56bfc062723c751e8b465ee728b)
Start importing Assets/Textures/PNG/Lasers/laserBlue15.png using Guid(783e57d94585bcb46a059e1da01fd17b) Importer(815301076,1909f56bfc062723c751e8b465ee728b)  -> (artifact id: 'd03df281d8c90a46e1cfbee5a651f530') in 0.014492 seconds 
========================================================================
Received Import Request.
  Time since last request: 0.000024 seconds.
  path: Assets/Textures/PNG/Lasers/laserGreen06.png
  artifactKey: Guid(a74368d5af9a5e64288440bd207ab4b0) Importer(815301076,1909f56bfc062723c751e8b465ee728b)
Start importing Assets/Textures/PNG/Lasers/laserGreen06.png using Guid(a74368d5af9a5e64288440bd207ab4b0) Importer(815301076,1909f56bfc062723c751e8b465ee728b)  -> (artifact id: '58d6b36356025cb47abdd4d6ac8bdf60') in 0.018032 seconds 
========================================================================
Received Import Request.
  Time since last request: 0.000022 seconds.
  path: Assets/Textures/PNG/Lasers/laserGreen04.png
  artifactKey: Guid(8901e0c1d3be389418cd8a18a64abfcc) Importer(815301076,1909f56bfc062723c751e8b465ee728b)
Start importing Assets/Textures/PNG/Lasers/laserGreen04.png using Guid(8901e0c1d3be389418cd8a18a64abfcc) Importer(815301076,1909f56bfc062723c751e8b465ee728b)  -> (artifact id: 'b8e6c3f3fd2f6d20735c658b635cc4ec') in 0.012123 seconds 
========================================================================
Received Import Request.
  Time since last request: 23.385815 seconds.
  path: Assets/Textures/PNG/UI/buttonGreen.png
  artifactKey: Guid(c096ea9805dd27842bc0e20de6293862) Importer(815301076,1909f56bfc062723c751e8b465ee728b)
Start importing Assets/Textures/PNG/UI/buttonGreen.png using Guid(c096ea9805dd27842bc0e20de6293862) Importer(815301076,1909f56bfc062723c751e8b465ee728b)  -> (artifact id: '90fc154fd06a271d18c94295237a115b') in 0.024765 seconds 
========================================================================
Received Import Request.
  Time since last request: 0.000021 seconds.
  path: Assets/Textures/PNG/UI/numeral0.png
  artifactKey: Guid(409c0dc7bb70dcc4a8ac81628978370f) Importer(815301076,1909f56bfc062723c751e8b465ee728b)
Start importing Assets/Textures/PNG/UI/numeral0.png using Guid(409c0dc7bb70dcc4a8ac81628978370f) Importer(815301076,1909f56bfc062723c751e8b465ee728b)  -> (artifact id: '9fc7e30ee3f0a3ec11d14c57a5b3cfc8') in 0.020798 seconds 
========================================================================
Received Import Request.
  Time since last request: 0.000026 seconds.
  path: Assets/Textures/PNG/UI/numeralX.png
  artifactKey: Guid(34c90a9a661c7d7429198b440b90fc38) Importer(815301076,1909f56bfc062723c751e8b465ee728b)
Start importing Assets/Textures/PNG/UI/numeralX.png using Guid(34c90a9a661c7d7429198b440b90fc38) Importer(815301076,1909f56bfc062723c751e8b465ee728b)  -> (artifact id: 'd79373ce35a1b2c7646a0f3bd0ab4b2b') in 0.024962 seconds 
========================================================================
Received Import Request.
  Time since last request: 0.000029 seconds.
  path: Assets/Textures/PNG/UI/playerLife1_red.png
  artifactKey: Guid(046b9ca6818480840a4886f1967ad07c) Importer(815301076,1909f56bfc062723c751e8b465ee728b)
Start importing Assets/Textures/PNG/UI/playerLife1_red.png using Guid(046b9ca6818480840a4886f1967ad07c) Importer(815301076,1909f56bfc062723c751e8b465ee728b)  -> (artifact id: '93d5feca3fbe341ab881f166175392f1') in 0.028235 seconds 
========================================================================
Received Import Request.
  Time since last request: 0.000022 seconds.
  path: Assets/Textures/PNG/UI/numeral7.png
  artifactKey: Guid(4e0701e8cc81326408ec5205933cf877) Importer(815301076,1909f56bfc062723c751e8b465ee728b)
Start importing Assets/Textures/PNG/UI/numeral7.png using Guid(4e0701e8cc81326408ec5205933cf877) Importer(815301076,1909f56bfc062723c751e8b465ee728b)  -> (artifact id: 'bb69136624e3b07dd6b4708bf199cf0a') in 0.025890 seconds 
========================================================================
Received Import Request.
  Time since last request: 0.000066 seconds.
  path: Assets/Textures/PNG/UI/playerLife2_red.png
  artifactKey: Guid(e9404de2bc457774b84465cc18723076) Importer(815301076,1909f56bfc062723c751e8b465ee728b)
Start importing Assets/Textures/PNG/UI/playerLife2_red.png using Guid(e9404de2bc457774b84465cc18723076) Importer(815301076,1909f56bfc062723c751e8b465ee728b)  -> (artifact id: '0e50a16aac2cfcf848b5c8e9212181b4') in 0.025508 seconds 
========================================================================
Received Import Request.
  Time since last request: 0.000028 seconds.
  path: Assets/Textures/PNG/UI/numeral6.png
  artifactKey: Guid(92a411589f1c00044a640a9347ff33d8) Importer(815301076,1909f56bfc062723c751e8b465ee728b)
Start importing Assets/Textures/PNG/UI/numeral6.png using Guid(92a411589f1c00044a640a9347ff33d8) Importer(815301076,1909f56bfc062723c751e8b465ee728b)  -> (artifact id: '834b672ddb7862a99badb76121ed7f1f') in 0.022152 seconds 
Editor requested this worker to shutdown with reason: Scaling down because of idle timeout
AssetImportWorker is now disconnected from the server
Process exiting
Exiting without the bug reporter. Application will terminate with return code 0