Using pre-set license
Built from '2021.3/staging' branch; Version is '2021.3.9f1 (ad3870b89536) revision 11352176'; Using compiler version '192829333'; Build Type 'Release'
OS: 'Windows 11  (10.0.22000) 64bit Professional' Language: 'en' Physical Memory: 32472 MB
BatchMode: 1, IsHumanControllingUs: 0, StartBugReporterOnCrash: 0, Is64bit: 1, IsPro: 1

COMMAND LINE ARGUMENTS:
C:\Program Files\Unity\Hub\Editor\2021.3.9f1\Editor\Unity.exe
-adb2
-batchMode
-noUpm
-name
AssetImportWorker1
-projectPath
C:/Users/Andreas/Documents/GitHub/Spaceshooter
-logFile
Logs/AssetImportWorker1.log
-srvPort
64410
Successfully changed project path to: C:/Users/Andreas/Documents/GitHub/Spaceshooter
C:/Users/Andreas/Documents/GitHub/Spaceshooter
[UnityMemory] Configuration Parameters - Can be set up in boot.config
    "memorysetup-bucket-allocator-granularity=16"
    "memorysetup-bucket-allocator-bucket-count=8"
    "memorysetup-bucket-allocator-block-size=33554432"
    "memorysetup-bucket-allocator-block-count=8"
    "memorysetup-main-allocator-block-size=16777216"
    "memorysetup-thread-allocator-block-size=16777216"
    "memorysetup-gfx-main-allocator-block-size=16777216"
    "memorysetup-gfx-thread-allocator-block-size=16777216"
    "memorysetup-cache-allocator-block-size=4194304"
    "memorysetup-typetree-allocator-block-size=2097152"
    "memorysetup-profiler-bucket-allocator-granularity=16"
    "memorysetup-profiler-bucket-allocator-bucket-count=8"
    "memorysetup-profiler-bucket-allocator-block-size=33554432"
    "memorysetup-profiler-bucket-allocator-block-count=8"
    "memorysetup-profiler-allocator-block-size=16777216"
    "memorysetup-profiler-editor-allocator-block-size=1048576"
    "memorysetup-temp-allocator-size-main=16777216"
    "memorysetup-job-temp-allocator-block-size=2097152"
    "memorysetup-job-temp-allocator-block-size-background=1048576"
    "memorysetup-job-temp-allocator-reduction-small-platforms=262144"
    "memorysetup-temp-allocator-size-background-worker=32768"
    "memorysetup-temp-allocator-size-job-worker=262144"
    "memorysetup-temp-allocator-size-preload-manager=33554432"
    "memorysetup-temp-allocator-size-nav-mesh-worker=65536"
    "memorysetup-temp-allocator-size-audio-worker=65536"
    "memorysetup-temp-allocator-size-cloud-worker=32768"
    "memorysetup-temp-allocator-size-gi-baking-worker=262144"
    "memorysetup-temp-allocator-size-gfx=262144"
Refreshing native plugins compatible for Editor in 58.54 ms, found 4 plugins.
Preloading 0 native plugins for Editor in 0.00 ms.
Initialize engine version: 2021.3.9f1 (ad3870b89536)
[Subsystems] Discovering subsystems at path C:/Program Files/Unity/Hub/Editor/2021.3.9f1/Editor/Data/Resources/UnitySubsystems
[Subsystems] Discovering subsystems at path C:/Users/Andreas/Documents/GitHub/Spaceshooter/Assets
GfxDevice: creating device client; threaded=0; jobified=0
Direct3D:
    Version:  Direct3D 11.0 [level 11.1]
    Renderer: NVIDIA GeForce RTX 3060 Laptop GPU (ID=0x2520)
    Vendor:   NVIDIA
    VRAM:     6023 MB
    Driver:   30.0.15.1181
Initialize mono
Mono path[0] = 'C:/Program Files/Unity/Hub/Editor/2021.3.9f1/Editor/Data/Managed'
Mono path[1] = 'C:/Program Files/Unity/Hub/Editor/2021.3.9f1/Editor/Data/MonoBleedingEdge/lib/mono/unityjit-win32'
Mono config path = 'C:/Program Files/Unity/Hub/Editor/2021.3.9f1/Editor/Data/MonoBleedingEdge/etc'
Using monoOptions --debugger-agent=transport=dt_socket,embedding=1,server=y,suspend=n,address=127.0.0.1:56928
Begin MonoManager ReloadAssembly
Registering precompiled unity dll's ...
Register platform support module: C:/Program Files/Unity/Hub/Editor/2021.3.9f1/Editor/Data/PlaybackEngines/WebGLSupport/UnityEditor.WebGL.Extensions.dll
Register platform support module: C:/Program Files/Unity/Hub/Editor/2021.3.9f1/Editor/Data/PlaybackEngines/WindowsStandaloneSupport/UnityEditor.WindowsStandalone.Extensions.dll
Registered in 0.002484 seconds.
Native extension for WindowsStandalone target not found
Native extension for WebGL target not found
Refreshing native plugins compatible for Editor in 65.07 ms, found 4 plugins.
Preloading 0 native plugins for Editor in 0.00 ms.
Mono: successfully reloaded assembly
- Completed reload, in  0.444 seconds
Domain Reload Profiling:
	ReloadAssembly (445ms)
		BeginReloadAssembly (45ms)
			ExecutionOrderSort (0ms)
			DisableScriptedObjects (0ms)
			BackupInstance (0ms)
			ReleaseScriptingObjects (0ms)
			CreateAndSetChildDomain (1ms)
		EndReloadAssembly (328ms)
			LoadAssemblies (44ms)
			RebuildTransferFunctionScriptingTraits (0ms)
			SetupTypeCache (75ms)
			ReleaseScriptCaches (0ms)
			RebuildScriptCaches (20ms)
			SetupLoadedEditorAssemblies (199ms)
				LogAssemblyErrors (0ms)
				InitializePlatformSupportModulesInManaged (5ms)
				SetLoadedEditorAssemblies (0ms)
				RefreshPlugins (65ms)
				BeforeProcessingInitializeOnLoad (1ms)
				ProcessInitializeOnLoadAttributes (95ms)
				ProcessInitializeOnLoadMethodAttributes (32ms)
				AfterProcessingInitializeOnLoad (0ms)
				EditorAssembliesLoaded (0ms)
			ExecutionOrderSort2 (0ms)
			AwakeInstancesAfterBackupRestoration (0ms)
Platform modules already initialized, skipping
Registering precompiled user dll's ...
Registered in 0.003646 seconds.
Begin MonoManager ReloadAssembly
Native extension for WindowsStandalone target not found
Native extension for WebGL target not found
Refreshing native plugins compatible for Editor in 62.16 ms, found 4 plugins.
Preloading 0 native plugins for Editor in 0.00 ms.
System.Exception: Error! Visual Scripting: couldn't find visual scripting package
  at Unity.VisualScripting.PackageVersionUtility.get_version () [0x00043] in C:\Users\Andreas\Documents\GitHub\Spaceshooter\Library\PackageCache\com.unity.visualscripting@1.7.8\Editor\VisualScripting.Core\Utilities\PackageVersionUtility.cs:31 
  at Unity.VisualScripting.BoltCoreManifest.get_version () [0x00000] in C:\Users\Andreas\Documents\GitHub\Spaceshooter\Library\PackageCache\com.unity.visualscripting@1.7.8\Editor\VisualScripting.Core\Plugin\BoltCoreManifest.cs:11 
  at Unity.VisualScripting.PluginManifest.get_currentVersion () [0x00000] in C:\Users\Andreas\Documents\GitHub\Spaceshooter\Library\PackageCache\com.unity.visualscripting@1.7.8\Editor\VisualScripting.Core\Plugins\PluginManifest.cs:33 
  at Unity.VisualScripting.PluginManifest.get_versionMismatch () [0x00000] in C:\Users\Andreas\Documents\GitHub\Spaceshooter\Library\PackageCache\com.unity.visualscripting@1.7.8\Editor\VisualScripting.Core\Plugins\PluginManifest.cs:48 
  at Unity.VisualScripting.PluginContainer.Initialize () [0x00525] in C:\Users\Andreas\Documents\GitHub\Spaceshooter\Library\PackageCache\com.unity.visualscripting@1.7.8\Editor\VisualScripting.Core\Plugins\PluginContainer.cs:208 
  at Unity.VisualScripting.PluginContainer.InitializeOnLoad () [0x00009] in C:\Users\Andreas\Documents\GitHub\Spaceshooter\Library\PackageCache\com.unity.visualscripting@1.7.8\Editor\VisualScripting.Core\Plugins\PluginContainer.cs:32 
  at Unity.VisualScripting.VSUsageUtility.DoInitializeOnLoadCalls () [0x00034] in C:\Users\Andreas\Documents\GitHub\Spaceshooter\Library\PackageCache\com.unity.visualscripting@1.7.8\Editor\VisualScripting.Core\Utilities\VSUsageUtility.cs:76 
  at Unity.VisualScripting.VSUsageUtility.set_isVisualScriptingUsed (System.Boolean value) [0x0002c] in C:\Users\Andreas\Documents\GitHub\Spaceshooter\Library\PackageCache\com.unity.visualscripting@1.7.8\Editor\VisualScripting.Core\Utilities\VSUsageUtility.cs:114 
  at Unity.VisualScripting.VSUsageUtility.CheckAndSetIsVisualScriptingUsed () [0x00032] in C:\Users\Andreas\Documents\GitHub\Spaceshooter\Library\PackageCache\com.unity.visualscripting@1.7.8\Editor\VisualScripting.Core\Utilities\VSUsageUtility.cs:48 
  at Unity.VisualScripting.VSUsageUtility..cctor () [0x00000] in C:\Users\Andreas\Documents\GitHub\Spaceshooter\Library\PackageCache\com.unity.visualscripting@1.7.8\Editor\VisualScripting.Core\Utilities\VSUsageUtility.cs:22 
UnityEngine.StackTraceUtility:ExtractStackTrace ()
UnityEngine.DebugLogHandler:LogFormat (UnityEngine.LogType,UnityEngine.Object,string,object[])
UnityEngine.Logger:Log (UnityEngine.LogType,object)
UnityEngine.Debug:LogError (object)
UnityEditor.EditorAssemblies:ProcessInitializeOnLoadAttributes (System.Type[])

Mono: successfully reloaded assembly
- Completed reload, in  0.934 seconds
Domain Reload Profiling:
	ReloadAssembly (935ms)
		BeginReloadAssembly (67ms)
			ExecutionOrderSort (0ms)
			DisableScriptedObjects (4ms)
			BackupInstance (0ms)
			ReleaseScriptingObjects (0ms)
			CreateAndSetChildDomain (13ms)
		EndReloadAssembly (795ms)
			LoadAssemblies (48ms)
			RebuildTransferFunctionScriptingTraits (0ms)
			SetupTypeCache (144ms)
			ReleaseScriptCaches (0ms)
			RebuildScriptCaches (43ms)
			SetupLoadedEditorAssemblies (516ms)
				LogAssemblyErrors (0ms)
				InitializePlatformSupportModulesInManaged (4ms)
				SetLoadedEditorAssemblies (0ms)
				RefreshPlugins (62ms)
				BeforeProcessingInitializeOnLoad (65ms)
				ProcessInitializeOnLoadAttributes (356ms)
				ProcessInitializeOnLoadMethodAttributes (26ms)
				AfterProcessingInitializeOnLoad (3ms)
				EditorAssembliesLoaded (0ms)
			ExecutionOrderSort2 (0ms)
			AwakeInstancesAfterBackupRestoration (3ms)
Platform modules already initialized, skipping
========================================================================
Worker process is ready to serve import requests
Launched and connected shader compiler UnityShaderCompiler.exe after 0.02 seconds
Refreshing native plugins compatible for Editor in 0.71 ms, found 4 plugins.
Preloading 0 native plugins for Editor in 0.00 ms.
Unloading 4069 Unused Serialized files (Serialized files now loaded: 0)
Unloading 44 unused Assets / (223.4 KB). Loaded Objects now: 4521.
Memory consumption went from 151.6 MB to 151.4 MB.
Total: 9.815500 ms (FindLiveObjects: 0.233500 ms CreateObjectMapping: 0.116200 ms MarkObjects: 9.320700 ms  DeleteObjects: 0.143300 ms)

AssetImportParameters requested are different than current active one (requested -> active):
  custom:video-decoder-ogg-theora: a1e56fd34408186e4bbccfd4996cb3dc -> 
  custom:container-muxer-webm: aa71ff27fc2769a1b78a27578f13a17b -> 
  custom:container-demuxer-webm: 4f35f7cbe854078d1ac9338744f61a02 -> 
  custom:video-encoder-webm-vp8: eb34c28f22e8b96e1ab97ce403110664 -> 
  custom:audio-encoder-webm-vorbis: bf7c407c2cedff20999df2af8eb42d56 -> 
  custom:framework-win-MediaFoundation: 216162199b28c13a410421893ffa2e32 -> 
  custom:container-demuxer-ogg: 62fdf1f143b41e24485cea50d1cbac27 -> 
  custom:video-decoder-webm-vp8: 9c59270c3fd7afecdb556c50c9e8de78 -> 
  custom:audio-decoder-ogg-vorbis: bf7c407c2cedff20999df2af8eb42d56 -> 
========================================================================
Received Import Request.
  Time since last request: 403.518202 seconds.
  path: Assets/Textures/Ships/ArashEnclave/2DSpeceshipFleetArashGreen.png
  artifactKey: Guid(d0f20118e7b6eb94b9713f971404f471) Importer(815301076,1909f56bfc062723c751e8b465ee728b)
Start importing Assets/Textures/Ships/ArashEnclave/2DSpeceshipFleetArashGreen.png using Guid(d0f20118e7b6eb94b9713f971404f471) Importer(815301076,1909f56bfc062723c751e8b465ee728b)  -> (artifact id: '4d6562794988c5c2faf2af22bdf084aa') in 0.659680 seconds 
========================================================================
Received Import Request.
  Time since last request: 0.000028 seconds.
  path: Assets/Textures/Ships/ArashEnclave/2DSpeceshipFleetArashPurple.png
  artifactKey: Guid(f6758e238effa4a46943aea193db76fb) Importer(815301076,1909f56bfc062723c751e8b465ee728b)
Start importing Assets/Textures/Ships/ArashEnclave/2DSpeceshipFleetArashPurple.png using Guid(f6758e238effa4a46943aea193db76fb) Importer(815301076,1909f56bfc062723c751e8b465ee728b)  -> (artifact id: '22b1beb7c8ffc48322a280eed21ec876') in 0.362682 seconds 
========================================================================
Received Import Request.
  Time since last request: 0.000029 seconds.
  path: Assets/Textures/Ships/ArashEnclave/2DSpeceshipFleetArashRed.png
  artifactKey: Guid(47f6b70f553b9d048b696f9f64124337) Importer(815301076,1909f56bfc062723c751e8b465ee728b)
Start importing Assets/Textures/Ships/ArashEnclave/2DSpeceshipFleetArashRed.png using Guid(47f6b70f553b9d048b696f9f64124337) Importer(815301076,1909f56bfc062723c751e8b465ee728b)  -> (artifact id: '72b998a7992c014034ec0807791876ec') in 0.308331 seconds 
========================================================================
Received Import Request.
  Time since last request: 0.417734 seconds.
  path: Assets/Textures/Ships/ArashEnclave/FleetTexturesNoShadows/2DSpaceshipFleetArashGreenNoShadows.png
  artifactKey: Guid(7b966b7db9234874e81a8d324cf5c896) Importer(815301076,1909f56bfc062723c751e8b465ee728b)
Start importing Assets/Textures/Ships/ArashEnclave/FleetTexturesNoShadows/2DSpaceshipFleetArashGreenNoShadows.png using Guid(7b966b7db9234874e81a8d324cf5c896) Importer(815301076,1909f56bfc062723c751e8b465ee728b)  -> (artifact id: '109041aefc58b5b62c9757c450323de8') in 0.380122 seconds 
========================================================================
Received Import Request.
  Time since last request: 0.000028 seconds.
  path: Assets/Textures/Ships/ArashEnclave/FleetTexturesNoShadows/2DSpaceshipFleetArashPurpleNoShadows.png
  artifactKey: Guid(274cf360e256c65478acb1e51a715cce) Importer(815301076,1909f56bfc062723c751e8b465ee728b)
Start importing Assets/Textures/Ships/ArashEnclave/FleetTexturesNoShadows/2DSpaceshipFleetArashPurpleNoShadows.png using Guid(274cf360e256c65478acb1e51a715cce) Importer(815301076,1909f56bfc062723c751e8b465ee728b)  -> (artifact id: '77507e2f2b4e3989b20ced389e9255b7') in 0.183292 seconds 
========================================================================
Received Import Request.
  Time since last request: 0.000039 seconds.
  path: Assets/Textures/Ships/ArashEnclave/FleetTexturesNoShadows/2DSpaceshipFleetArashOrangeNoShadows.png
  artifactKey: Guid(d6905c2bf6c766c4a9c5ff3e8c8bff5e) Importer(815301076,1909f56bfc062723c751e8b465ee728b)
Start importing Assets/Textures/Ships/ArashEnclave/FleetTexturesNoShadows/2DSpaceshipFleetArashOrangeNoShadows.png using Guid(d6905c2bf6c766c4a9c5ff3e8c8bff5e) Importer(815301076,1909f56bfc062723c751e8b465ee728b)  -> (artifact id: 'd942ab76ced53a2c1e2f4a80d69f4785') in 0.212010 seconds 
========================================================================
Received Import Request.
  Time since last request: 295.204887 seconds.
  path: Assets/Textures/sample.png
  artifactKey: Guid(d97412e447681e24fbe30eb0e13ef7de) Importer(815301076,1909f56bfc062723c751e8b465ee728b)
Start importing Assets/Textures/sample.png using Guid(d97412e447681e24fbe30eb0e13ef7de) Importer(815301076,1909f56bfc062723c751e8b465ee728b)  -> (artifact id: '628fc308e8d062f793d6189bfa523ef8') in 0.053066 seconds 
========================================================================
Received Import Request.
  Time since last request: 1.991823 seconds.
  path: Assets/Textures/Backgrounds/blue.png
  artifactKey: Guid(c4f91f8270c84bc4b83a14f085d645e8) Importer(815301076,1909f56bfc062723c751e8b465ee728b)
Start importing Assets/Textures/Backgrounds/blue.png using Guid(c4f91f8270c84bc4b83a14f085d645e8) Importer(815301076,1909f56bfc062723c751e8b465ee728b)  -> (artifact id: '70f77ac2f3dafd698066b3a3746e1a2c') in 0.020208 seconds 
========================================================================
Received Import Request.
  Time since last request: 0.000016 seconds.
  path: Assets/Textures/Backgrounds/darkPurple.png
  artifactKey: Guid(e91160f14222a9d4eabeff9426b2e600) Importer(815301076,1909f56bfc062723c751e8b465ee728b)
Start importing Assets/Textures/Backgrounds/darkPurple.png using Guid(e91160f14222a9d4eabeff9426b2e600) Importer(815301076,1909f56bfc062723c751e8b465ee728b)  -> (artifact id: '8aaf24702e59f01c7a15694c7099fe4e') in 0.024845 seconds 
========================================================================
Received Import Request.
  Time since last request: 19.796847 seconds.
  path: Assets/Textures/PNG/playerShip1_green.png
  artifactKey: Guid(17b2585ccafcb964a94b1c5b4a2e928b) Importer(815301076,1909f56bfc062723c751e8b465ee728b)
Start importing Assets/Textures/PNG/playerShip1_green.png using Guid(17b2585ccafcb964a94b1c5b4a2e928b) Importer(815301076,1909f56bfc062723c751e8b465ee728b)  -> (artifact id: '16959e80e3b63c69430f468eb831e91c') in 0.016668 seconds 
========================================================================
Received Import Request.
  Time since last request: 0.000038 seconds.
  path: Assets/Textures/PNG/playerShip3_orange.png
  artifactKey: Guid(922ad03cbb070af43b0371ef14df5c4d) Importer(815301076,1909f56bfc062723c751e8b465ee728b)
Start importing Assets/Textures/PNG/playerShip3_orange.png using Guid(922ad03cbb070af43b0371ef14df5c4d) Importer(815301076,1909f56bfc062723c751e8b465ee728b)  -> (artifact id: 'db48d3d26c071b50d48f416635cbe2ba') in 0.027106 seconds 
========================================================================
Received Import Request.
  Time since last request: 0.000033 seconds.
  path: Assets/Textures/PNG/ufoRed.png
  artifactKey: Guid(01d3e195d210ebf4e85b5f73142419bd) Importer(815301076,1909f56bfc062723c751e8b465ee728b)
Start importing Assets/Textures/PNG/ufoRed.png using Guid(01d3e195d210ebf4e85b5f73142419bd) Importer(815301076,1909f56bfc062723c751e8b465ee728b)  -> (artifact id: 'db644a3237219be489fc2e3d9c0b9ad1') in 0.020328 seconds 
========================================================================
Received Import Request.
  Time since last request: 0.000030 seconds.
  path: Assets/Textures/PNG/playerShip3_red.png
  artifactKey: Guid(e736f7b0de964b749afb537940dfa4ca) Importer(815301076,1909f56bfc062723c751e8b465ee728b)
Start importing Assets/Textures/PNG/playerShip3_red.png using Guid(e736f7b0de964b749afb537940dfa4ca) Importer(815301076,1909f56bfc062723c751e8b465ee728b)  -> (artifact id: '789d6f759d09994193f245cbf964e13f') in 0.019694 seconds 
========================================================================
Received Import Request.
  Time since last request: 0.000034 seconds.
  path: Assets/Textures/PNG/ufoYellow.png
  artifactKey: Guid(764a754618fce144dbe973beb2301d2f) Importer(815301076,1909f56bfc062723c751e8b465ee728b)
Start importing Assets/Textures/PNG/ufoYellow.png using Guid(764a754618fce144dbe973beb2301d2f) Importer(815301076,1909f56bfc062723c751e8b465ee728b)  -> (artifact id: 'f3af650eb3026db238753992bc7d15cf') in 0.017795 seconds 
========================================================================
Received Import Request.
  Time since last request: 0.000028 seconds.
  path: Assets/Textures/PNG/playerShip3_green.png
  artifactKey: Guid(d4c71b62cd6817c45addc564d362a30a) Importer(815301076,1909f56bfc062723c751e8b465ee728b)
Start importing Assets/Textures/PNG/playerShip3_green.png using Guid(d4c71b62cd6817c45addc564d362a30a) Importer(815301076,1909f56bfc062723c751e8b465ee728b)  -> (artifact id: '38fdcc0cf78552360a3fd59decf910dc') in 0.015938 seconds 
========================================================================
Received Import Request.
  Time since last request: 0.000022 seconds.
  path: Assets/Textures/PNG/playerShip2_blue.png
  artifactKey: Guid(b6ce9d1724331dc4db2ee48851320528) Importer(815301076,1909f56bfc062723c751e8b465ee728b)
Start importing Assets/Textures/PNG/playerShip2_blue.png using Guid(b6ce9d1724331dc4db2ee48851320528) Importer(815301076,1909f56bfc062723c751e8b465ee728b)  -> (artifact id: '8ebb4f4db5f48b6fc8af0e7bfaeaff0d') in 0.024922 seconds 
========================================================================
Received Import Request.
  Time since last request: 0.000019 seconds.
  path: Assets/Textures/PNG/playerShip2_red.png
  artifactKey: Guid(056515c9e6971a14cbbd50f3515d2c2b) Importer(815301076,1909f56bfc062723c751e8b465ee728b)
Start importing Assets/Textures/PNG/playerShip2_red.png using Guid(056515c9e6971a14cbbd50f3515d2c2b) Importer(815301076,1909f56bfc062723c751e8b465ee728b)  -> (artifact id: '464843e3c0002b284de6853ac7b72215') in 0.021686 seconds 
========================================================================
Received Import Request.
  Time since last request: 1.703359 seconds.
  path: Assets/Textures/Bonus/kenvector_future_thin.ttf
  artifactKey: Guid(d99392fd752fdc846bd6d462cc43e9e1) Importer(815301076,1909f56bfc062723c751e8b465ee728b)
Start importing Assets/Textures/Bonus/kenvector_future_thin.ttf using Guid(d99392fd752fdc846bd6d462cc43e9e1) Importer(815301076,1909f56bfc062723c751e8b465ee728b)  -> (artifact id: '3460c5ea4a8d8989c440693f161cb980') in 0.063120 seconds 
========================================================================
Received Import Request.
  Time since last request: 0.000017 seconds.
  path: Assets/Textures/Bonus/sfx_lose.ogg
  artifactKey: Guid(6292ad9dd0fd66141b6371c84b95b455) Importer(815301076,1909f56bfc062723c751e8b465ee728b)
Start importing Assets/Textures/Bonus/sfx_lose.ogg using Guid(6292ad9dd0fd66141b6371c84b95b455) Importer(815301076,1909f56bfc062723c751e8b465ee728b)  -> (artifact id: 'f61283c3d9f40e5fc4bc72d01628fa5c') in 0.061303 seconds 
========================================================================
Received Import Request.
  Time since last request: 0.000019 seconds.
  path: Assets/Textures/Bonus/sfx_laser1.ogg
  artifactKey: Guid(ae821c04d529cf64cae44400b7402245) Importer(815301076,1909f56bfc062723c751e8b465ee728b)
Start importing Assets/Textures/Bonus/sfx_laser1.ogg using Guid(ae821c04d529cf64cae44400b7402245) Importer(815301076,1909f56bfc062723c751e8b465ee728b)  -> (artifact id: 'fbf447ea0b64a44f237242bd2b40a723') in 0.011820 seconds 
========================================================================
Received Import Request.
  Time since last request: 0.000030 seconds.
  path: Assets/Textures/Bonus/sfx_shieldDown.ogg
  artifactKey: Guid(47a4141ffc7210e4c8b3b9580f8ccf8b) Importer(815301076,1909f56bfc062723c751e8b465ee728b)
Start importing Assets/Textures/Bonus/sfx_shieldDown.ogg using Guid(47a4141ffc7210e4c8b3b9580f8ccf8b) Importer(815301076,1909f56bfc062723c751e8b465ee728b)  -> (artifact id: 'f7c13ddc4b4fe171d7fbc4106d0c4d01') in 0.011222 seconds 
========================================================================
Received Import Request.
  Time since last request: 0.000026 seconds.
  path: Assets/Textures/Bonus/sfx_twoTone.ogg
  artifactKey: Guid(95b97a49caa9155459b0ed8a10354d92) Importer(815301076,1909f56bfc062723c751e8b465ee728b)
Start importing Assets/Textures/Bonus/sfx_twoTone.ogg using Guid(95b97a49caa9155459b0ed8a10354d92) Importer(815301076,1909f56bfc062723c751e8b465ee728b)  -> (artifact id: '3097df7228fe2bfe4c290e0faecdcb5d') in 0.011088 seconds 
Editor requested this worker to shutdown with reason: Scaling down because of idle timeout
AssetImportWorker is now disconnected from the server
Process exiting
Exiting without the bug reporter. Application will terminate with return code 0