Using pre-set license
Built from '2021.3/staging' branch; Version is '2021.3.9f1 (ad3870b89536) revision 11352176'; Using compiler version '192829333'; Build Type 'Release'
OS: 'Windows 11  (10.0.22000) 64bit Professional' Language: 'en' Physical Memory: 32472 MB
BatchMode: 1, IsHumanControllingUs: 0, StartBugReporterOnCrash: 0, Is64bit: 1, IsPro: 1

COMMAND LINE ARGUMENTS:
C:\Program Files\Unity\Hub\Editor\2021.3.9f1\Editor\Unity.exe
-adb2
-batchMode
-noUpm
-name
AssetImportWorker2
-projectPath
C:/Users/Andreas/Documents/GitHub/Spaceshooter
-logFile
Logs/AssetImportWorker2.log
-srvPort
58233
Successfully changed project path to: C:/Users/Andreas/Documents/GitHub/Spaceshooter
C:/Users/Andreas/Documents/GitHub/Spaceshooter
[UnityMemory] Configuration Parameters - Can be set up in boot.config
    "memorysetup-bucket-allocator-granularity=16"
    "memorysetup-bucket-allocator-bucket-count=8"
    "memorysetup-bucket-allocator-block-size=33554432"
    "memorysetup-bucket-allocator-block-count=8"
    "memorysetup-main-allocator-block-size=16777216"
    "memorysetup-thread-allocator-block-size=16777216"
    "memorysetup-gfx-main-allocator-block-size=16777216"
    "memorysetup-gfx-thread-allocator-block-size=16777216"
    "memorysetup-cache-allocator-block-size=4194304"
    "memorysetup-typetree-allocator-block-size=2097152"
    "memorysetup-profiler-bucket-allocator-granularity=16"
    "memorysetup-profiler-bucket-allocator-bucket-count=8"
    "memorysetup-profiler-bucket-allocator-block-size=33554432"
    "memorysetup-profiler-bucket-allocator-block-count=8"
    "memorysetup-profiler-allocator-block-size=16777216"
    "memorysetup-profiler-editor-allocator-block-size=1048576"
    "memorysetup-temp-allocator-size-main=16777216"
    "memorysetup-job-temp-allocator-block-size=2097152"
    "memorysetup-job-temp-allocator-block-size-background=1048576"
    "memorysetup-job-temp-allocator-reduction-small-platforms=262144"
    "memorysetup-temp-allocator-size-background-worker=32768"
    "memorysetup-temp-allocator-size-job-worker=262144"
    "memorysetup-temp-allocator-size-preload-manager=33554432"
    "memorysetup-temp-allocator-size-nav-mesh-worker=65536"
    "memorysetup-temp-allocator-size-audio-worker=65536"
    "memorysetup-temp-allocator-size-cloud-worker=32768"
    "memorysetup-temp-allocator-size-gi-baking-worker=262144"
    "memorysetup-temp-allocator-size-gfx=262144"
Refreshing native plugins compatible for Editor in 59.28 ms, found 4 plugins.
Preloading 0 native plugins for Editor in 0.00 ms.
Initialize engine version: 2021.3.9f1 (ad3870b89536)
[Subsystems] Discovering subsystems at path C:/Program Files/Unity/Hub/Editor/2021.3.9f1/Editor/Data/Resources/UnitySubsystems
[Subsystems] Discovering subsystems at path C:/Users/Andreas/Documents/GitHub/Spaceshooter/Assets
GfxDevice: creating device client; threaded=0; jobified=0
Direct3D:
    Version:  Direct3D 11.0 [level 11.1]
    Renderer: NVIDIA GeForce RTX 3060 Laptop GPU (ID=0x2520)
    Vendor:   NVIDIA
    VRAM:     6023 MB
    Driver:   30.0.15.1181
Initialize mono
Mono path[0] = 'C:/Program Files/Unity/Hub/Editor/2021.3.9f1/Editor/Data/Managed'
Mono path[1] = 'C:/Program Files/Unity/Hub/Editor/2021.3.9f1/Editor/Data/MonoBleedingEdge/lib/mono/unityjit-win32'
Mono config path = 'C:/Program Files/Unity/Hub/Editor/2021.3.9f1/Editor/Data/MonoBleedingEdge/etc'
Using monoOptions --debugger-agent=transport=dt_socket,embedding=1,server=y,suspend=n,address=127.0.0.1:56484
Begin MonoManager ReloadAssembly
Registering precompiled unity dll's ...
Register platform support module: C:/Program Files/Unity/Hub/Editor/2021.3.9f1/Editor/Data/PlaybackEngines/WebGLSupport/UnityEditor.WebGL.Extensions.dll
Register platform support module: C:/Program Files/Unity/Hub/Editor/2021.3.9f1/Editor/Data/PlaybackEngines/WindowsStandaloneSupport/UnityEditor.WindowsStandalone.Extensions.dll
Registered in 0.003344 seconds.
Native extension for WindowsStandalone target not found
Native extension for WebGL target not found
Refreshing native plugins compatible for Editor in 58.04 ms, found 4 plugins.
Preloading 0 native plugins for Editor in 0.00 ms.
Mono: successfully reloaded assembly
- Completed reload, in  0.447 seconds
Domain Reload Profiling:
	ReloadAssembly (447ms)
		BeginReloadAssembly (51ms)
			ExecutionOrderSort (0ms)
			DisableScriptedObjects (0ms)
			BackupInstance (0ms)
			ReleaseScriptingObjects (0ms)
			CreateAndSetChildDomain (1ms)
		EndReloadAssembly (322ms)
			LoadAssemblies (50ms)
			RebuildTransferFunctionScriptingTraits (0ms)
			SetupTypeCache (74ms)
			ReleaseScriptCaches (0ms)
			RebuildScriptCaches (19ms)
			SetupLoadedEditorAssemblies (194ms)
				LogAssemblyErrors (0ms)
				InitializePlatformSupportModulesInManaged (6ms)
				SetLoadedEditorAssemblies (0ms)
				RefreshPlugins (58ms)
				BeforeProcessingInitializeOnLoad (1ms)
				ProcessInitializeOnLoadAttributes (97ms)
				ProcessInitializeOnLoadMethodAttributes (32ms)
				AfterProcessingInitializeOnLoad (0ms)
				EditorAssembliesLoaded (0ms)
			ExecutionOrderSort2 (0ms)
			AwakeInstancesAfterBackupRestoration (0ms)
Platform modules already initialized, skipping
Registering precompiled user dll's ...
Registered in 0.004125 seconds.
Begin MonoManager ReloadAssembly
Native extension for WindowsStandalone target not found
Native extension for WebGL target not found
Refreshing native plugins compatible for Editor in 62.22 ms, found 4 plugins.
Preloading 0 native plugins for Editor in 0.00 ms.
System.Exception: Error! Visual Scripting: couldn't find visual scripting package
  at Unity.VisualScripting.PackageVersionUtility.get_version () [0x00043] in C:\Users\Andreas\Documents\GitHub\Spaceshooter\Library\PackageCache\com.unity.visualscripting@1.7.8\Editor\VisualScripting.Core\Utilities\PackageVersionUtility.cs:31 
  at Unity.VisualScripting.BoltCoreManifest.get_version () [0x00000] in C:\Users\Andreas\Documents\GitHub\Spaceshooter\Library\PackageCache\com.unity.visualscripting@1.7.8\Editor\VisualScripting.Core\Plugin\BoltCoreManifest.cs:11 
  at Unity.VisualScripting.PluginManifest.get_currentVersion () [0x00000] in C:\Users\Andreas\Documents\GitHub\Spaceshooter\Library\PackageCache\com.unity.visualscripting@1.7.8\Editor\VisualScripting.Core\Plugins\PluginManifest.cs:33 
  at Unity.VisualScripting.PluginManifest.get_versionMismatch () [0x00000] in C:\Users\Andreas\Documents\GitHub\Spaceshooter\Library\PackageCache\com.unity.visualscripting@1.7.8\Editor\VisualScripting.Core\Plugins\PluginManifest.cs:48 
  at Unity.VisualScripting.PluginContainer.Initialize () [0x00525] in C:\Users\Andreas\Documents\GitHub\Spaceshooter\Library\PackageCache\com.unity.visualscripting@1.7.8\Editor\VisualScripting.Core\Plugins\PluginContainer.cs:208 
  at Unity.VisualScripting.PluginContainer.InitializeOnLoad () [0x00009] in C:\Users\Andreas\Documents\GitHub\Spaceshooter\Library\PackageCache\com.unity.visualscripting@1.7.8\Editor\VisualScripting.Core\Plugins\PluginContainer.cs:32 
  at Unity.VisualScripting.VSUsageUtility.DoInitializeOnLoadCalls () [0x00034] in C:\Users\Andreas\Documents\GitHub\Spaceshooter\Library\PackageCache\com.unity.visualscripting@1.7.8\Editor\VisualScripting.Core\Utilities\VSUsageUtility.cs:76 
  at Unity.VisualScripting.VSUsageUtility.set_isVisualScriptingUsed (System.Boolean value) [0x0002c] in C:\Users\Andreas\Documents\GitHub\Spaceshooter\Library\PackageCache\com.unity.visualscripting@1.7.8\Editor\VisualScripting.Core\Utilities\VSUsageUtility.cs:114 
  at Unity.VisualScripting.VSUsageUtility.CheckAndSetIsVisualScriptingUsed () [0x00032] in C:\Users\Andreas\Documents\GitHub\Spaceshooter\Library\PackageCache\com.unity.visualscripting@1.7.8\Editor\VisualScripting.Core\Utilities\VSUsageUtility.cs:48 
  at Unity.VisualScripting.VSUsageUtility..cctor () [0x00000] in C:\Users\Andreas\Documents\GitHub\Spaceshooter\Library\PackageCache\com.unity.visualscripting@1.7.8\Editor\VisualScripting.Core\Utilities\VSUsageUtility.cs:22 
UnityEngine.StackTraceUtility:ExtractStackTrace ()
UnityEngine.DebugLogHandler:LogFormat (UnityEngine.LogType,UnityEngine.Object,string,object[])
UnityEngine.Logger:Log (UnityEngine.LogType,object)
UnityEngine.Debug:LogError (object)
UnityEditor.EditorAssemblies:ProcessInitializeOnLoadAttributes (System.Type[])

Mono: successfully reloaded assembly
- Completed reload, in  1.047 seconds
Domain Reload Profiling:
	ReloadAssembly (1048ms)
		BeginReloadAssembly (77ms)
			ExecutionOrderSort (0ms)
			DisableScriptedObjects (4ms)
			BackupInstance (0ms)
			ReleaseScriptingObjects (0ms)
			CreateAndSetChildDomain (15ms)
		EndReloadAssembly (892ms)
			LoadAssemblies (61ms)
			RebuildTransferFunctionScriptingTraits (0ms)
			SetupTypeCache (178ms)
			ReleaseScriptCaches (0ms)
			RebuildScriptCaches (48ms)
			SetupLoadedEditorAssemblies (570ms)
				LogAssemblyErrors (0ms)
				InitializePlatformSupportModulesInManaged (4ms)
				SetLoadedEditorAssemblies (0ms)
				RefreshPlugins (62ms)
				BeforeProcessingInitializeOnLoad (65ms)
				ProcessInitializeOnLoadAttributes (404ms)
				ProcessInitializeOnLoadMethodAttributes (31ms)
				AfterProcessingInitializeOnLoad (4ms)
				EditorAssembliesLoaded (0ms)
			ExecutionOrderSort2 (0ms)
			AwakeInstancesAfterBackupRestoration (4ms)
Platform modules already initialized, skipping
========================================================================
Worker process is ready to serve import requests
Launched and connected shader compiler UnityShaderCompiler.exe after 0.04 seconds
Refreshing native plugins compatible for Editor in 0.69 ms, found 4 plugins.
Preloading 0 native plugins for Editor in 0.00 ms.
Unloading 4069 Unused Serialized files (Serialized files now loaded: 0)
Unloading 44 unused Assets / (223.4 KB). Loaded Objects now: 4521.
Memory consumption went from 151.6 MB to 151.4 MB.
Total: 10.070600 ms (FindLiveObjects: 0.353300 ms CreateObjectMapping: 0.144900 ms MarkObjects: 9.426400 ms  DeleteObjects: 0.144900 ms)

AssetImportParameters requested are different than current active one (requested -> active):
  custom:video-decoder-ogg-theora: a1e56fd34408186e4bbccfd4996cb3dc -> 
  custom:container-muxer-webm: aa71ff27fc2769a1b78a27578f13a17b -> 
  custom:container-demuxer-webm: 4f35f7cbe854078d1ac9338744f61a02 -> 
  custom:video-encoder-webm-vp8: eb34c28f22e8b96e1ab97ce403110664 -> 
  custom:audio-encoder-webm-vorbis: bf7c407c2cedff20999df2af8eb42d56 -> 
  custom:framework-win-MediaFoundation: 216162199b28c13a410421893ffa2e32 -> 
  custom:container-demuxer-ogg: 62fdf1f143b41e24485cea50d1cbac27 -> 
  custom:video-decoder-webm-vp8: 9c59270c3fd7afecdb556c50c9e8de78 -> 
  custom:audio-decoder-ogg-vorbis: bf7c407c2cedff20999df2af8eb42d56 -> 
========================================================================
Received Import Request.
  Time since last request: 170717.320448 seconds.
  path: Assets/Visual Scripts/OverlapAndDestroy.asset
  artifactKey: Guid(b64708e0c6f2bdd4aa227f9a176e20e3) Importer(815301076,1909f56bfc062723c751e8b465ee728b)
Start importing Assets/Visual Scripts/OverlapAndDestroy.asset using Guid(b64708e0c6f2bdd4aa227f9a176e20e3) Importer(815301076,1909f56bfc062723c751e8b465ee728b)  -> (artifact id: '21a65f9d2042d016124b7be5b6b526a6') in 0.330108 seconds 
========================================================================
Received Import Request.
  Time since last request: 0.000029 seconds.
  path: Assets/Visual Scripts/ProjectileMovementPlayer.asset
  artifactKey: Guid(29baf68cb73d70440a2970375b98fbc4) Importer(815301076,1909f56bfc062723c751e8b465ee728b)
Start importing Assets/Visual Scripts/ProjectileMovementPlayer.asset using Guid(29baf68cb73d70440a2970375b98fbc4) Importer(815301076,1909f56bfc062723c751e8b465ee728b)  -> (artifact id: 'ab8fb50dd41fddb03514080978be00c4') in 0.058355 seconds 
========================================================================
Received Import Request.
  Time since last request: 46.025112 seconds.
  path: Assets/Prefabs/Enemy 1.prefab
  artifactKey: Guid(412f78752fcd36749a63c03c450af649) Importer(815301076,1909f56bfc062723c751e8b465ee728b)
Start importing Assets/Prefabs/Enemy 1.prefab using Guid(412f78752fcd36749a63c03c450af649) Importer(815301076,1909f56bfc062723c751e8b465ee728b) Could not load connection between 'trigger' of 'Update#a9bee...' and 'Trigger' of 'SubgraphUnit#1d341...'.
UnityEngine.StackTraceUtility:ExtractStackTrace ()
UnityEngine.DebugLogHandler:LogFormat (UnityEngine.LogType,UnityEngine.Object,string,object[])
UnityEngine.Logger:Log (UnityEngine.LogType,object)
UnityEngine.Debug:LogWarning (object)
Unity.VisualScripting.UnitConnection`2<Unity.VisualScripting.ControlOutput, Unity.VisualScripting.ControlInput>:HandleDependencies () (at Library/PackageCache/com.unity.visualscripting@1.7.8/Runtime/VisualScripting.Flow/Connections/UnitConnection.cs:143)
Unity.VisualScripting.Graph:OnAfterDependenciesDeserialized () (at Library/PackageCache/com.unity.visualscripting@1.7.8/Runtime/VisualScripting.Core/Graphs/Graph.cs:112)
Unity.VisualScripting.Serialization:CheckIfDependenciesMet (Unity.VisualScripting.ISerializationDepender) (at Library/PackageCache/com.unity.visualscripting@1.7.8/Runtime/VisualScripting.Core/Serialization/Serialization.cs:316)
Unity.VisualScripting.Serialization:AwaitDependencies (Unity.VisualScripting.ISerializationDepender) (at Library/PackageCache/com.unity.visualscripting@1.7.8/Runtime/VisualScripting.Core/Serialization/Serialization.cs:256)
Unity.VisualScripting.Graph:OnAfterDeserialize () (at Library/PackageCache/com.unity.visualscripting@1.7.8/Runtime/VisualScripting.Core/Graphs/Graph.cs:93)
Unity.VisualScripting.FullSerializer.fsSerializationCallbackReceiverProcessor:OnAfterDeserialize (System.Type,object) (at Library/PackageCache/com.unity.visualscripting@1.7.8/Runtime/VisualScripting.Core/Dependencies/FullSerializer/fsISerializationCallbacks.cs:127)
Unity.VisualScripting.FullSerializer.fsSerializer:Invoke_OnAfterDeserialize (System.Collections.Generic.List`1<Unity.VisualScripting.FullSerializer.fsObjectProcessor>,System.Type,object) (at Library/PackageCache/com.unity.visualscripting@1.7.8/Runtime/VisualScripting.Core/Dependencies/FullSerializer/fsSerializer.cs:1186)
Unity.VisualScripting.FullSerializer.fsSerializer:TryDeserialize (Unity.VisualScripting.FullSerializer.fsData,System.Type,System.Type,object&) (at Library/PackageCache/com.unity.visualscripting@1.7.8/Runtime/VisualScripting.Core/Dependencies/FullSerializer/fsSerializer.cs:673)
Unity.VisualScripting.FullSerializer.fsReflectedConverter:TryDeserialize (Unity.VisualScripting.FullSerializer.fsData,object&,System.Type) (at Library/PackageCache/com.unity.visualscripting@1.7.8/Runtime/VisualScripting.Core/Dependencies/FullSerializer/Converters/fsReflectedConverter.cs:97)
Unity.VisualScripting.FullSerializer.fsSerializer:InternalDeserialize_5_Converter (System.Type,Unity.VisualScripting.FullSerializer.fsData,System.Type,object&) (at Library/PackageCache/com.unity.visualscripting@1.7.8/Runtime/VisualScripting.Core/Dependencies/FullSerializer/fsSerializer.cs:897)
Unity.VisualScripting.FullSerializer.fsSerializer:InternalDeserialize_4_Cycles (System.Type,Unity.VisualScripting.FullSerializer.fsData,System.Type,object&) (at Library/PackageCache/com.unity.visualscripting@1.7.8/Runtime/VisualScripting.Core/Dependencies/FullSerializer/fsSerializer.cs:887)
Unity.VisualScripting.FullSerializer.fsSerializer:InternalDeserialize_3_Inheritance (System.Type,Unity.VisualScripting.FullSerializer.fsData,System.Type,object&,System.Collections.Generic.List`1<Unity.VisualScripting.FullSerializer.fsObjectProcessor>&) (at Library/PackageCache/com.unity.visualscripting@1.7.8/Runtime/VisualScripting.Core/Dependencies/FullSerializer/fsSerializer.cs:862)
Unity.VisualScripting.FullSerializer.fsSerializer:InternalDeserialize_2_Version (System.Type,Unity.VisualScripting.FullSerializer.fsData,System.Type,object&,System.Collections.Generic.List`1<Unity.VisualScripting.FullSerializer.fsObjectProcessor>&) (at Library/PackageCache/com.unity.visualscripting@1.7.8/Runtime/VisualScripting.Core/Dependencies/FullSerializer/fsSerializer.cs:766)
Unity.VisualScripting.FullSerializer.fsSerializer:InternalDeserialize_1_CycleReference (System.Type,Unity.VisualScripting.FullSerializer.fsData,System.Type,object&,System.Collections.Generic.List`1<Unity.VisualScripting.FullSerializer.fsObjectProcessor>&) (at Library/PackageCache/com.unity.visualscripting@1.7.8/Runtime/VisualScripting.Core/Dependencies/FullSerializer/fsSerializer.cs:711)
Unity.VisualScripting.FullSerializer.fsSerializer:TryDeserialize (Unity.VisualScripting.FullSerializer.fsData,System.Type,System.Type,object&) (at Library/PackageCache/com.unity.visualscripting@1.7.8/Runtime/VisualScripting.Core/Dependencies/FullSerializer/fsSerializer.cs:664)
Unity.VisualScripting.Serialization:DeserializeJsonUtil (Unity.VisualScripting.FullSerializer.fsSerializer,string,object&,bool) (at Library/PackageCache/com.unity.visualscripting@1.7.8/Runtime/VisualScripting.Core/Serialization/Serialization.cs:182)
Unity.VisualScripting.Serialization:DeserializeJson (Unity.VisualScripting.FullSerializer.fsSerializer,string,object&,bool) (at Library/PackageCache/com.unity.visualscripting@1.7.8/Runtime/VisualScripting.Core/Serialization/Serialization.cs:196)
Unity.VisualScripting.Serialization:DeserializeInto (Unity.VisualScripting.SerializationData,object&,bool) (at Library/PackageCache/com.unity.visualscripting@1.7.8/Runtime/VisualScripting.Core/Serialization/Serialization.cs:122)
Unity.VisualScripting.LudiqScriptableObject:UnityEngine.ISerializationCallbackReceiver.OnAfterDeserialize () (at Library/PackageCache/com.unity.visualscripting@1.7.8/Runtime/VisualScripting.Core/Unity/LudiqScriptableObject.cs:52)

(Filename: Library/PackageCache/com.unity.visualscripting@1.7.8/Runtime/VisualScripting.Flow/Connections/UnitConnection.cs Line: 143)

Could not load connection between 'output' of 'Literal#468f3...' and 'OtherObjectTag' of 'SubgraphUnit#465a5...'.
UnityEngine.StackTraceUtility:ExtractStackTrace ()
UnityEngine.DebugLogHandler:LogFormat (UnityEngine.LogType,UnityEngine.Object,string,object[])
UnityEngine.Logger:Log (UnityEngine.LogType,object)
UnityEngine.Debug:LogWarning (object)
Unity.VisualScripting.UnitConnection`2<Unity.VisualScripting.ValueOutput, Unity.VisualScripting.ValueInput>:HandleDependencies () (at Library/PackageCache/com.unity.visualscripting@1.7.8/Runtime/VisualScripting.Flow/Connections/UnitConnection.cs:143)
Unity.VisualScripting.Graph:OnAfterDependenciesDeserialized () (at Library/PackageCache/com.unity.visualscripting@1.7.8/Runtime/VisualScripting.Core/Graphs/Graph.cs:112)
Unity.VisualScripting.Serialization:CheckIfDependenciesMet (Unity.VisualScripting.ISerializationDepender) (at Library/PackageCache/com.unity.visualscripting@1.7.8/Runtime/VisualScripting.Core/Serialization/Serialization.cs:316)
Unity.VisualScripting.Serialization:AwaitDependencies (Unity.VisualScripting.ISerializationDepender) (at Library/PackageCache/com.unity.visualscripting@1.7.8/Runtime/VisualScripting.Core/Serialization/Serialization.cs:256)
Unity.VisualScripting.Graph:OnAfterDeserialize () (at Library/PackageCache/com.unity.visualscripting@1.7.8/Runtime/VisualScripting.Core/Graphs/Graph.cs:93)
Unity.VisualScripting.FullSerializer.fsSerializationCallbackReceiverProcessor:OnAfterDeserialize (System.Type,object) (at Library/PackageCache/com.unity.visualscripting@1.7.8/Runtime/VisualScripting.Core/Dependencies/FullSerializer/fsISerializationCallbacks.cs:127)
Unity.VisualScripting.FullSerializer.fsSerializer:Invoke_OnAfterDeserialize (System.Collections.Generic.List`1<Unity.VisualScripting.FullSerializer.fsObjectProcessor>,System.Type,object) (at Library/PackageCache/com.unity.visualscripting@1.7.8/Runtime/VisualScripting.Core/Dependencies/FullSerializer/fsSerializer.cs:1186)
Unity.VisualScripting.FullSerializer.fsSerializer:TryDeserialize (Unity.VisualScripting.FullSerializer.fsData,System.Type,System.Type,object&) (at Library/PackageCache/com.unity.visualscripting@1.7.8/Runtime/VisualScripting.Core/Dependencies/FullSerializer/fsSerializer.cs:673)
Unity.VisualScripting.FullSerializer.fsReflectedConverter:TryDeserialize (Unity.VisualScripting.FullSerializer.fsData,object&,System.Type) (at Library/PackageCache/com.unity.visualscripting@1.7.8/Runtime/VisualScripting.Core/Dependencies/FullSerializer/Converters/fsReflectedConverter.cs:97)
Unity.VisualScripting.FullSerializer.fsSerializer:InternalDeserialize_5_Converter (System.Type,Unity.VisualScripting.FullSerializer.fsData,System.Type,object&) (at Library/PackageCache/com.unity.visualscripting@1.7.8/Runtime/VisualScripting.Core/Dependencies/FullSerializer/fsSerializer.cs:897)
Unity.VisualScripting.FullSerializer.fsSerializer:InternalDeserialize_4_Cycles (System.Type,Unity.VisualScripting.FullSerializer.fsData,System.Type,object&) (at Library/PackageCache/com.unity.visualscripting@1.7.8/Runtime/VisualScripting.Core/Dependencies/FullSerializer/fsSerializer.cs:887)
Unity.VisualScripting.FullSerializer.fsSerializer:InternalDeserialize_3_Inheritance (System.Type,Unity.VisualScripting.FullSerializer.fsData,System.Type,object&,System.Collections.Generic.List`1<Unity.VisualScripting.FullSerializer.fsObjectProcessor>&) (at Library/PackageCache/com.unity.visualscripting@1.7.8/Runtime/VisualScripting.Core/Dependencies/FullSerializer/fsSerializer.cs:862)
Unity.VisualScripting.FullSerializer.fsSerializer:InternalDeserialize_2_Version (System.Type,Unity.VisualScripting.FullSerializer.fsData,System.Type,object&,System.Collections.Generic.List`1<Unity.VisualScripting.FullSerializer.fsObjectProcessor>&) (at Library/PackageCache/com.unity.visualscripting@1.7.8/Runtime/VisualScripting.Core/Dependencies/FullSerializer/fsSerializer.cs:766)
Unity.VisualScripting.FullSerializer.fsSerializer:InternalDeserialize_1_CycleReference (System.Type,Unity.VisualScripting.FullSerializer.fsData,System.Type,object&,System.Collections.Generic.List`1<Unity.VisualScripting.FullSerializer.fsObjectProcessor>&) (at Library/PackageCache/com.unity.visualscripting@1.7.8/Runtime/VisualScripting.Core/Dependencies/FullSerializer/fsSerializer.cs:711)
Unity.VisualScripting.FullSerializer.fsSerializer:TryDeserialize (Unity.VisualScripting.FullSerializer.fsData,System.Type,System.Type,object&) (at Library/PackageCache/com.unity.visualscripting@1.7.8/Runtime/VisualScripting.Core/Dependencies/FullSerializer/fsSerializer.cs:664)
Unity.VisualScripting.Serialization:DeserializeJsonUtil (Unity.VisualScripting.FullSerializer.fsSerializer,string,object&,bool) (at Library/PackageCache/com.unity.visualscripting@1.7.8/Runtime/VisualScripting.Core/Serialization/Serialization.cs:182)
Unity.VisualScripting.Serialization:DeserializeJson (Unity.VisualScripting.FullSerializer.fsSerializer,string,object&,bool) (at Library/PackageCache/com.unity.visualscripting@1.7.8/Runtime/VisualScripting.Core/Serialization/Serialization.cs:196)
Unity.VisualScripting.Serialization:DeserializeInto (Unity.VisualScripting.SerializationData,object&,bool) (at Library/PackageCache/com.unity.visualscripting@1.7.8/Runtime/VisualScripting.Core/Serialization/Serialization.cs:122)
Unity.VisualScripting.LudiqScriptableObject:UnityEngine.ISerializationCallbackReceiver.OnAfterDeserialize () (at Library/PackageCache/com.unity.visualscripting@1.7.8/Runtime/VisualScripting.Core/Unity/LudiqScriptableObject.cs:52)

(Filename: Library/PackageCache/com.unity.visualscripting@1.7.8/Runtime/VisualScripting.Flow/Connections/UnitConnection.cs Line: 143)

Could not load connection between 'value' of 'GetMember#1c2d6...' and 'MovementDirection' of 'SubgraphUnit#1d341...'.
UnityEngine.StackTraceUtility:ExtractStackTrace ()
UnityEngine.DebugLogHandler:LogFormat (UnityEngine.LogType,UnityEngine.Object,string,object[])
UnityEngine.Logger:Log (UnityEngine.LogType,object)
UnityEngine.Debug:LogWarning (object)
Unity.VisualScripting.UnitConnection`2<Unity.VisualScripting.ValueOutput, Unity.VisualScripting.ValueInput>:HandleDependencies () (at Library/PackageCache/com.unity.visualscripting@1.7.8/Runtime/VisualScripting.Flow/Connections/UnitConnection.cs:143)
Unity.VisualScripting.Graph:OnAfterDependenciesDeserialized () (at Library/PackageCache/com.unity.visualscripting@1.7.8/Runtime/VisualScripting.Core/Graphs/Graph.cs:112)
Unity.VisualScripting.Serialization:CheckIfDependenciesMet (Unity.VisualScripting.ISerializationDepender) (at Library/PackageCache/com.unity.visualscripting@1.7.8/Runtime/VisualScripting.Core/Serialization/Serialization.cs:316)
Unity.VisualScripting.Serialization:AwaitDependencies (Unity.VisualScripting.ISerializationDepender) (at Library/PackageCache/com.unity.visualscripting@1.7.8/Runtime/VisualScripting.Core/Serialization/Serialization.cs:256)
Unity.VisualScripting.Graph:OnAfterDeserialize () (at Library/PackageCache/com.unity.visualscripting@1.7.8/Runtime/VisualScripting.Core/Graphs/Graph.cs:93)
Unity.VisualScripting.FullSerializer.fsSerializationCallbackReceiverProcessor:OnAfterDeserialize (System.Type,object) (at Library/PackageCache/com.unity.visualscripting@1.7.8/Runtime/VisualScripting.Core/Dependencies/FullSerializer/fsISerializationCallbacks.cs:127)
Unity.VisualScripting.FullSerializer.fsSerializer:Invoke_OnAfterDeserialize (System.Collections.Generic.List`1<Unity.VisualScripting.FullSerializer.fsObjectProcessor>,System.Type,object) (at Library/PackageCache/com.unity.visualscripting@1.7.8/Runtime/VisualScripting.Core/Dependencies/FullSerializer/fsSerializer.cs:1186)
Unity.VisualScripting.FullSerializer.fsSerializer:TryDeserialize (Unity.VisualScripting.FullSerializer.fsData,System.Type,System.Type,object&) (at Library/PackageCache/com.unity.visualscripting@1.7.8/Runtime/VisualScripting.Core/Dependencies/FullSerializer/fsSerializer.cs:673)
Unity.VisualScripting.FullSerializer.fsReflectedConverter:TryDeserialize (Unity.VisualScripting.FullSerializer.fsData,object&,System.Type) (at Library/PackageCache/com.unity.visualscripting@1.7.8/Runtime/VisualScripting.Core/Dependencies/FullSerializer/Converters/fsReflectedConverter.cs:97)
Unity.VisualScripting.FullSerializer.fsSerializer:InternalDeserialize_5_Converter (System.Type,Unity.VisualScripting.FullSerializer.fsData,System.Type,object&) (at Library/PackageCache/com.unity.visualscripting@1.7.8/Runtime/VisualScripting.Core/Dependencies/FullSerializer/fsSerializer.cs:897)
Unity.VisualScripting.FullSerializer.fsSerializer:InternalDeserialize_4_Cycles (System.Type,Unity.VisualScripting.FullSerializer.fsData,System.Type,object&) (at Library/PackageCache/com.unity.visualscripting@1.7.8/Runtime/VisualScripting.Core/Dependencies/FullSerializer/fsSerializer.cs:887)
Unity.VisualScripting.FullSerializer.fsSerializer:InternalDeserialize_3_Inheritance (System.Type,Unity.VisualScripting.FullSerializer.fsData,System.Type,object&,System.Collections.Generic.List`1<Unity.VisualScripting.FullSerializer.fsObjectProcessor>&) (at Library/PackageCache/com.unity.visualscripting@1.7.8/Runtime/VisualScripting.Core/Dependencies/FullSerializer/fsSerializer.cs:862)
Unity.VisualScripting.FullSerializer.fsSerializer:InternalDeserialize_2_Version (System.Type,Unity.VisualScripting.FullSerializer.fsData,System.Type,object&,System.Collections.Generic.List`1<Unity.VisualScripting.FullSerializer.fsObjectProcessor>&) (at Library/PackageCache/com.unity.visualscripting@1.7.8/Runtime/VisualScripting.Core/Dependencies/FullSerializer/fsSerializer.cs:766)
Unity.VisualScripting.FullSerializer.fsSerializer:InternalDeserialize_1_CycleReference (System.Type,Unity.VisualScripting.FullSerializer.fsData,System.Type,object&,System.Collections.Generic.List`1<Unity.VisualScripting.FullSerializer.fsObjectProcessor>&) (at Library/PackageCache/com.unity.visualscripting@1.7.8/Runtime/VisualScripting.Core/Dependencies/FullSerializer/fsSerializer.cs:711)
Unity.VisualScripting.FullSerializer.fsSerializer:TryDeserialize (Unity.VisualScripting.FullSerializer.fsData,System.Type,System.Type,object&) (at Library/PackageCache/com.unity.visualscripting@1.7.8/Runtime/VisualScripting.Core/Dependencies/FullSerializer/fsSerializer.cs:664)
Unity.VisualScripting.Serialization:DeserializeJsonUtil (Unity.VisualScripting.FullSerializer.fsSerializer,string,object&,bool) (at Library/PackageCache/com.unity.visualscripting@1.7.8/Runtime/VisualScripting.Core/Serialization/Serialization.cs:182)
Unity.VisualScripting.Serialization:DeserializeJson (Unity.VisualScripting.FullSerializer.fsSerializer,string,object&,bool) (at Library/PackageCache/com.unity.visualscripting@1.7.8/Runtime/VisualScripting.Core/Serialization/Serialization.cs:196)
Unity.VisualScripting.Serialization:DeserializeInto (Unity.VisualScripting.SerializationData,object&,bool) (at Library/PackageCache/com.unity.visualscripting@1.7.8/Runtime/VisualScripting.Core/Serialization/Serialization.cs:122)
Unity.VisualScripting.LudiqScriptableObject:UnityEngine.ISerializationCallbackReceiver.OnAfterDeserialize () (at Library/PackageCache/com.unity.visualscripting@1.7.8/Runtime/VisualScripting.Core/Unity/LudiqScriptableObject.cs:52)

(Filename: Library/PackageCache/com.unity.visualscripting@1.7.8/Runtime/VisualScripting.Flow/Connections/UnitConnection.cs Line: 143)

 -> (artifact id: 'adb4332c83b3755cd998abbac44966a2') in 0.124414 seconds 
Editor requested this worker to shutdown with reason: Scaling down because of idle timeout
AssetImportWorker is now disconnected from the server
Process exiting
Exiting without the bug reporter. Application will terminate with return code 0